<html>
<head>
<title>TestNG:  Dashboard</title>
<link href="../testng.css" rel="stylesheet" type="text/css" />
<link href="../my-testng.css" rel="stylesheet" type="text/css" />

<style type="text/css">
.log { display: none;} 
.stack-trace { display: none;} 
</style>
<script type="text/javascript">
<!--
function flip(e) {
  current = e.style.display;
  if (current == 'block') {
    e.style.display = 'none';
    return 0;
  }
  else {
    e.style.display = 'block';
    return 1;
  }
}

function toggleBox(szDivId, elem, msg1, msg2)
{
  var res = -1;  if (document.getElementById) {
    res = flip(document.getElementById(szDivId));
  }
  else if (document.all) {
    // this is the way old msie versions work
    res = flip(document.all[szDivId]);
  }
  if(elem) {
    if(res == 0) elem.innerHTML = msg1; else elem.innerHTML = msg2;
  }

}

function toggleAllBoxes() {
  if (document.getElementsByTagName) {
    d = document.getElementsByTagName('div');
    for (i = 0; i < d.length; i++) {
      if (d[i].className == 'log') {
        flip(d[i]);
      }
    }
  }
}

// -->
</script>

</head>
<body>
<h2 align='center'>Dashboard</h2><table border='1' align="center">
<tr>
<td>Tests passed/Failed/Skipped:</td><td>7/5/0</td>
</tr><tr>
<td>Started on:</td><td>Tue Dec 19 23:44:40 CST 2023</td>
</tr>
<tr><td>Total time:</td><td>1131 seconds (1131853 ms)</td>
</tr><tr>
<td>Included groups:</td><td></td>
</tr><tr>
<td>Excluded groups:</td><td></td>
</tr>
</table><p/>
<small><i>(Hover the method name to see the test class name)</i></small><p/>
<table width='100%' border='1' class='invocation-failed'>
<tr><td colspan='4' align='center'><b>FAILED TESTS</b></td></tr>
<tr><td><b>Test method</b></td>
<td width="30%"><b>Exception</b></td>
<td width="10%"><b>Time (seconds)</b></td>
<td><b>Instance</b></td>
</tr>
<tr>
<td title='testcases.TC005_Dashboard.verifyDoorTile()'><b>verifyDoorTile</b><br>Test class: testcases.TC005_Dashboard<br>Parameters: sson@mailinator.com, Password1, My TELLURIDE, Remote, Locks,Doors,Windows,Trunk,Hood, Head Lamp,Stop Lamp,Turn Lamp, Engine Oil,Brake Fluid,Washer Fluid, 92708, Test, Testing</td>
<td><div><pre>java.lang.RuntimeException: FAILED
	at utils.Reporter.reportStep(Reporter.java:37)
	at utils.Reporter.reportStep(Reporter.java:47)
	at wrappers.GenericWrappers.waitUntilElementVisisble(GenericWrappers.java:184)
	at pages.P5_Dashboard.&lt;init&gt;(P5_Dashboard.java:21)
	at pages.P4_MyVehicles.pickTheCar(P4_MyVehicles.java:527)
	at testcases.TC005_Dashboard.verifyDoorTile(TC005_Dashboard.java:127)
	at java.base/java.util.ArrayList.forEach(ArrayList.java:1511)
... Removed 27 stack frames</pre></div><a href='#' onClick='toggleBox("stack-trace470610323", this, "Click to show all stack frames", "Click to hide stack frames")'>Click to show all stack frames</a>
<div class='stack-trace' id='stack-trace470610323'><pre>java.lang.RuntimeException: FAILED
	at utils.Reporter.reportStep(Reporter.java:37)
	at utils.Reporter.reportStep(Reporter.java:47)
	at wrappers.GenericWrappers.waitUntilElementVisisble(GenericWrappers.java:184)
	at pages.P5_Dashboard.&lt;init&gt;(P5_Dashboard.java:21)
	at pages.P4_MyVehicles.pickTheCar(P4_MyVehicles.java:527)
	at testcases.TC005_Dashboard.verifyDoorTile(TC005_Dashboard.java:127)
	at java.base/jdk.internal.reflect.NativeMethodAccessorImpl.invoke0(Native Method)
	at java.base/jdk.internal.reflect.NativeMethodAccessorImpl.invoke(NativeMethodAccessorImpl.java:77)
	at java.base/jdk.internal.reflect.DelegatingMethodAccessorImpl.invoke(DelegatingMethodAccessorImpl.java:43)
	at java.base/java.lang.reflect.Method.invoke(Method.java:568)
	at org.testng.internal.MethodInvocationHelper.invokeMethod(MethodInvocationHelper.java:133)
	at org.testng.internal.TestInvoker.invokeMethod(TestInvoker.java:584)
	at org.testng.internal.TestInvoker.invokeTestMethod(TestInvoker.java:172)
	at org.testng.internal.MethodRunner.runInSequence(MethodRunner.java:46)
	at org.testng.internal.TestInvoker$MethodInvocationAgent.invoke(TestInvoker.java:804)
	at org.testng.internal.TestInvoker.invokeTestMethods(TestInvoker.java:145)
	at org.testng.internal.TestMethodWorker.invokeTestMethods(TestMethodWorker.java:146)
	at org.testng.internal.TestMethodWorker.run(TestMethodWorker.java:128)
	at java.base/java.util.ArrayList.forEach(ArrayList.java:1511)
	at org.testng.TestRunner.privateRun(TestRunner.java:770)
	at org.testng.TestRunner.run(TestRunner.java:591)
	at org.testng.SuiteRunner.runTest(SuiteRunner.java:402)
	at org.testng.SuiteRunner.runSequentially(SuiteRunner.java:396)
	at org.testng.SuiteRunner.privateRun(SuiteRunner.java:355)
	at org.testng.SuiteRunner.run(SuiteRunner.java:304)
	at org.testng.SuiteRunnerWorker.runSuite(SuiteRunnerWorker.java:53)
	at org.testng.SuiteRunnerWorker.run(SuiteRunnerWorker.java:96)
	at org.testng.TestNG.runSuitesSequentially(TestNG.java:1180)
	at org.testng.TestNG.runSuitesLocally(TestNG.java:1102)
	at org.testng.TestNG.runSuites(TestNG.java:1032)
	at org.testng.TestNG.run(TestNG.java:1000)
	at org.testng.remote.AbstractRemoteTestNG.run(AbstractRemoteTestNG.java:115)
	at org.testng.remote.RemoteTestNG.initAndRun(RemoteTestNG.java:251)
	at org.testng.remote.RemoteTestNG.main(RemoteTestNG.java:77)
</pre></div></td>
<td>146</td>
<td>testcases.TC005_Dashboard@54422e18</td></tr>
<tr>
<td title='testcases.TC005_Dashboard.verifyLightSubmodulesSection()'><b>verifyLightSubmodulesSection</b><br>Test class: testcases.TC005_Dashboard<br>Parameters: sson@mailinator.com, Password1, My TELLURIDE, Remote, Locks,Doors,Windows,Trunk,Hood, Head Lamp,Stop Lamp,Turn Lamp, Engine Oil,Brake Fluid,Washer Fluid, 92708, Test, Testing</td>
<td><div><pre>java.lang.RuntimeException: FAILED
	at utils.Reporter.reportStep(Reporter.java:37)
	at utils.Reporter.reportStep(Reporter.java:47)
	at wrappers.GenericWrappers.waitUntilElementVisisble(GenericWrappers.java:184)
	at pages.P5_Dashboard.clickOnMaintanceVehicleStatus(P5_Dashboard.java:376)
	at testcases.TC005_Dashboard.verifyLightSubmodulesSection(TC005_Dashboard.java:257)
	at java.base/java.util.ArrayList.forEach(ArrayList.java:1511)
... Removed 27 stack frames</pre></div><a href='#' onClick='toggleBox("stack-trace596372611", this, "Click to show all stack frames", "Click to hide stack frames")'>Click to show all stack frames</a>
<div class='stack-trace' id='stack-trace596372611'><pre>java.lang.RuntimeException: FAILED
	at utils.Reporter.reportStep(Reporter.java:37)
	at utils.Reporter.reportStep(Reporter.java:47)
	at wrappers.GenericWrappers.waitUntilElementVisisble(GenericWrappers.java:184)
	at pages.P5_Dashboard.clickOnMaintanceVehicleStatus(P5_Dashboard.java:376)
	at testcases.TC005_Dashboard.verifyLightSubmodulesSection(TC005_Dashboard.java:257)
	at java.base/jdk.internal.reflect.NativeMethodAccessorImpl.invoke0(Native Method)
	at java.base/jdk.internal.reflect.NativeMethodAccessorImpl.invoke(NativeMethodAccessorImpl.java:77)
	at java.base/jdk.internal.reflect.DelegatingMethodAccessorImpl.invoke(DelegatingMethodAccessorImpl.java:43)
	at java.base/java.lang.reflect.Method.invoke(Method.java:568)
	at org.testng.internal.MethodInvocationHelper.invokeMethod(MethodInvocationHelper.java:133)
	at org.testng.internal.TestInvoker.invokeMethod(TestInvoker.java:584)
	at org.testng.internal.TestInvoker.invokeTestMethod(TestInvoker.java:172)
	at org.testng.internal.MethodRunner.runInSequence(MethodRunner.java:46)
	at org.testng.internal.TestInvoker$MethodInvocationAgent.invoke(TestInvoker.java:804)
	at org.testng.internal.TestInvoker.invokeTestMethods(TestInvoker.java:145)
	at org.testng.internal.TestMethodWorker.invokeTestMethods(TestMethodWorker.java:146)
	at org.testng.internal.TestMethodWorker.run(TestMethodWorker.java:128)
	at java.base/java.util.ArrayList.forEach(ArrayList.java:1511)
	at org.testng.TestRunner.privateRun(TestRunner.java:770)
	at org.testng.TestRunner.run(TestRunner.java:591)
	at org.testng.SuiteRunner.runTest(SuiteRunner.java:402)
	at org.testng.SuiteRunner.runSequentially(SuiteRunner.java:396)
	at org.testng.SuiteRunner.privateRun(SuiteRunner.java:355)
	at org.testng.SuiteRunner.run(SuiteRunner.java:304)
	at org.testng.SuiteRunnerWorker.runSuite(SuiteRunnerWorker.java:53)
	at org.testng.SuiteRunnerWorker.run(SuiteRunnerWorker.java:96)
	at org.testng.TestNG.runSuitesSequentially(TestNG.java:1180)
	at org.testng.TestNG.runSuitesLocally(TestNG.java:1102)
	at org.testng.TestNG.runSuites(TestNG.java:1032)
	at org.testng.TestNG.run(TestNG.java:1000)
	at org.testng.remote.AbstractRemoteTestNG.run(AbstractRemoteTestNG.java:115)
	at org.testng.remote.RemoteTestNG.initAndRun(RemoteTestNG.java:251)
	at org.testng.remote.RemoteTestNG.main(RemoteTestNG.java:77)
</pre></div></td>
<td>166</td>
<td>testcases.TC005_Dashboard@54422e18</td></tr>
<tr>
<td title='testcases.TC005_Dashboard.verifyStatusForDoorLockUnlockInRemote()'><b>verifyStatusForDoorLockUnlockInRemote</b><br>Test class: testcases.TC005_Dashboard<br>Parameters: sson@mailinator.com, Password1, My TELLURIDE, Remote, Locks,Doors,Windows,Trunk,Hood, Head Lamp,Stop Lamp,Turn Lamp, Engine Oil,Brake Fluid,Washer Fluid, 92708, Test, Testing</td>
<td><div><pre>java.lang.RuntimeException: FAILED
	at utils.Reporter.reportStep(Reporter.java:37)
	at utils.Reporter.reportStep(Reporter.java:47)
	at wrappers.GenericWrappers.waitUntilElementVisisble(GenericWrappers.java:184)
	at pages.P5_Dashboard.&lt;init&gt;(P5_Dashboard.java:21)
	at pages.P4_MyVehicles.pickTheCar(P4_MyVehicles.java:527)
	at testcases.TC005_Dashboard.verifyStatusForDoorLockUnlockInRemote(TC005_Dashboard.java:154)
	at java.base/java.util.ArrayList.forEach(ArrayList.java:1511)
... Removed 27 stack frames</pre></div><a href='#' onClick='toggleBox("stack-trace459172227", this, "Click to show all stack frames", "Click to hide stack frames")'>Click to show all stack frames</a>
<div class='stack-trace' id='stack-trace459172227'><pre>java.lang.RuntimeException: FAILED
	at utils.Reporter.reportStep(Reporter.java:37)
	at utils.Reporter.reportStep(Reporter.java:47)
	at wrappers.GenericWrappers.waitUntilElementVisisble(GenericWrappers.java:184)
	at pages.P5_Dashboard.&lt;init&gt;(P5_Dashboard.java:21)
	at pages.P4_MyVehicles.pickTheCar(P4_MyVehicles.java:527)
	at testcases.TC005_Dashboard.verifyStatusForDoorLockUnlockInRemote(TC005_Dashboard.java:154)
	at java.base/jdk.internal.reflect.NativeMethodAccessorImpl.invoke0(Native Method)
	at java.base/jdk.internal.reflect.NativeMethodAccessorImpl.invoke(NativeMethodAccessorImpl.java:77)
	at java.base/jdk.internal.reflect.DelegatingMethodAccessorImpl.invoke(DelegatingMethodAccessorImpl.java:43)
	at java.base/java.lang.reflect.Method.invoke(Method.java:568)
	at org.testng.internal.MethodInvocationHelper.invokeMethod(MethodInvocationHelper.java:133)
	at org.testng.internal.TestInvoker.invokeMethod(TestInvoker.java:584)
	at org.testng.internal.TestInvoker.invokeTestMethod(TestInvoker.java:172)
	at org.testng.internal.MethodRunner.runInSequence(MethodRunner.java:46)
	at org.testng.internal.TestInvoker$MethodInvocationAgent.invoke(TestInvoker.java:804)
	at org.testng.internal.TestInvoker.invokeTestMethods(TestInvoker.java:145)
	at org.testng.internal.TestMethodWorker.invokeTestMethods(TestMethodWorker.java:146)
	at org.testng.internal.TestMethodWorker.run(TestMethodWorker.java:128)
	at java.base/java.util.ArrayList.forEach(ArrayList.java:1511)
	at org.testng.TestRunner.privateRun(TestRunner.java:770)
	at org.testng.TestRunner.run(TestRunner.java:591)
	at org.testng.SuiteRunner.runTest(SuiteRunner.java:402)
	at org.testng.SuiteRunner.runSequentially(SuiteRunner.java:396)
	at org.testng.SuiteRunner.privateRun(SuiteRunner.java:355)
	at org.testng.SuiteRunner.run(SuiteRunner.java:304)
	at org.testng.SuiteRunnerWorker.runSuite(SuiteRunnerWorker.java:53)
	at org.testng.SuiteRunnerWorker.run(SuiteRunnerWorker.java:96)
	at org.testng.TestNG.runSuitesSequentially(TestNG.java:1180)
	at org.testng.TestNG.runSuitesLocally(TestNG.java:1102)
	at org.testng.TestNG.runSuites(TestNG.java:1032)
	at org.testng.TestNG.run(TestNG.java:1000)
	at org.testng.remote.AbstractRemoteTestNG.run(AbstractRemoteTestNG.java:115)
	at org.testng.remote.RemoteTestNG.initAndRun(RemoteTestNG.java:251)
	at org.testng.remote.RemoteTestNG.main(RemoteTestNG.java:77)
</pre></div></td>
<td>140</td>
<td>testcases.TC005_Dashboard@54422e18</td></tr>
<tr>
<td title='testcases.TC005_Dashboard.verifyVehicleStatusForMaintenance()'><b>verifyVehicleStatusForMaintenance</b><br>Test class: testcases.TC005_Dashboard<br>Parameters: sson@mailinator.com, Password1, My TELLURIDE, Remote, Locks,Doors,Windows,Trunk,Hood, Head Lamp,Stop Lamp,Turn Lamp, Engine Oil,Brake Fluid,Washer Fluid, 92708, Test, Testing</td>
<td><div><pre>org.openqa.selenium.ElementNotInteractableException: element not interactable
  (Session info: MicrosoftEdge=120.0.2210.77)
Build info: version: &apos;4.7.2&apos;, revision: &apos;4d4020c3b7&apos;
System info: os.name: &apos;Windows 10&apos;, os.arch: &apos;amd64&apos;, os.version: &apos;10.0&apos;, java.version: &apos;17.0.7&apos;
Driver info: org.openqa.selenium.edge.EdgeDriver
Command: [cf5dde219b84f3cb41d1520f13802571, clickElement {id=7D8608BED8882BCF1D12078B1A6B6EA2_element_115}]
Capabilities {acceptInsecureCerts: false, browserName: MicrosoftEdge, browserVersion: 120.0.2210.77, fedcm:accounts: true, ms:edgeOptions: {debuggerAddress: localhost:65094}, msedge: {msedgedriverVersion: 120.0.2210.77 (e8468c80f044..., userDataDir: C:\Users\2003278\AppData\Lo...}, networkConnectionEnabled: false, pageLoadStrategy: normal, platformName: WINDOWS, proxy: Proxy(), se:cdp: ws://localhost:65094/devtoo..., se:cdpVersion: 120.0.2210.77, setWindowRect: true, strictFileInteractability: false, timeouts: {implicit: 0, pageLoad: 300000, script: 30000}, unhandledPromptBehavior: dismiss and notify, webauthn:extension:credBlob: true, webauthn:extension:largeBlob: true, webauthn:extension:minPinLength: true, webauthn:extension:prf: true, webauthn:virtualAuthenticators: true}
Element: [[EdgeDriver: MicrosoftEdge on WINDOWS (cf5dde219b84f3cb41d1520f13802571)] -&gt; xpath: //button[text()=&apos;CLOSE&apos;]]
Session ID: cf5dde219b84f3cb41d1520f13802571
	at org.openqa.selenium.remote.codec.w3c.W3CHttpResponseCodec.createException(W3CHttpResponseCodec.java:200)
	at org.openqa.selenium.remote.codec.w3c.W3CHttpResponseCodec.decode(W3CHttpResponseCodec.java:133)
	at org.openqa.selenium.remote.codec.w3c.W3CHttpResponseCodec.decode(W3CHttpResponseCodec.java:53)
	at org.openqa.selenium.remote.HttpCommandExecutor.execute(HttpCommandExecutor.java:184)
	at org.openqa.selenium.remote.service.DriverCommandExecutor.invokeExecute(DriverCommandExecutor.java:167)
	at org.openqa.selenium.remote.service.DriverCommandExecutor.execute(DriverCommandExecutor.java:142)
	at org.openqa.selenium.remote.RemoteWebDriver.execute(RemoteWebDriver.java:535)
	at org.openqa.selenium.remote.RemoteWebElement.execute(RemoteWebElement.java:257)
	at org.openqa.selenium.remote.RemoteWebElement.click(RemoteWebElement.java:78)
	at pages.P4_MyVehicles.pickTheCar(P4_MyVehicles.java:525)
	at testcases.TC005_Dashboard.verifyVehicleStatusForMaintenance(TC005_Dashboard.java:202)
	at java.base/java.util.ArrayList.forEach(ArrayList.java:1511)
... Removed 32 stack frames</pre></div><a href='#' onClick='toggleBox("stack-trace238598483", this, "Click to show all stack frames", "Click to hide stack frames")'>Click to show all stack frames</a>
<div class='stack-trace' id='stack-trace238598483'><pre>org.openqa.selenium.ElementNotInteractableException: element not interactable
  (Session info: MicrosoftEdge=120.0.2210.77)
Build info: version: &apos;4.7.2&apos;, revision: &apos;4d4020c3b7&apos;
System info: os.name: &apos;Windows 10&apos;, os.arch: &apos;amd64&apos;, os.version: &apos;10.0&apos;, java.version: &apos;17.0.7&apos;
Driver info: org.openqa.selenium.edge.EdgeDriver
Command: [cf5dde219b84f3cb41d1520f13802571, clickElement {id=7D8608BED8882BCF1D12078B1A6B6EA2_element_115}]
Capabilities {acceptInsecureCerts: false, browserName: MicrosoftEdge, browserVersion: 120.0.2210.77, fedcm:accounts: true, ms:edgeOptions: {debuggerAddress: localhost:65094}, msedge: {msedgedriverVersion: 120.0.2210.77 (e8468c80f044..., userDataDir: C:\Users\2003278\AppData\Lo...}, networkConnectionEnabled: false, pageLoadStrategy: normal, platformName: WINDOWS, proxy: Proxy(), se:cdp: ws://localhost:65094/devtoo..., se:cdpVersion: 120.0.2210.77, setWindowRect: true, strictFileInteractability: false, timeouts: {implicit: 0, pageLoad: 300000, script: 30000}, unhandledPromptBehavior: dismiss and notify, webauthn:extension:credBlob: true, webauthn:extension:largeBlob: true, webauthn:extension:minPinLength: true, webauthn:extension:prf: true, webauthn:virtualAuthenticators: true}
Element: [[EdgeDriver: MicrosoftEdge on WINDOWS (cf5dde219b84f3cb41d1520f13802571)] -&gt; xpath: //button[text()=&apos;CLOSE&apos;]]
Session ID: cf5dde219b84f3cb41d1520f13802571
	at java.base/jdk.internal.reflect.NativeConstructorAccessorImpl.newInstance0(Native Method)
	at java.base/jdk.internal.reflect.NativeConstructorAccessorImpl.newInstance(NativeConstructorAccessorImpl.java:77)
	at java.base/jdk.internal.reflect.DelegatingConstructorAccessorImpl.newInstance(DelegatingConstructorAccessorImpl.java:45)
	at java.base/java.lang.reflect.Constructor.newInstanceWithCaller(Constructor.java:499)
	at java.base/java.lang.reflect.Constructor.newInstance(Constructor.java:480)
	at org.openqa.selenium.remote.codec.w3c.W3CHttpResponseCodec.createException(W3CHttpResponseCodec.java:200)
	at org.openqa.selenium.remote.codec.w3c.W3CHttpResponseCodec.decode(W3CHttpResponseCodec.java:133)
	at org.openqa.selenium.remote.codec.w3c.W3CHttpResponseCodec.decode(W3CHttpResponseCodec.java:53)
	at org.openqa.selenium.remote.HttpCommandExecutor.execute(HttpCommandExecutor.java:184)
	at org.openqa.selenium.remote.service.DriverCommandExecutor.invokeExecute(DriverCommandExecutor.java:167)
	at org.openqa.selenium.remote.service.DriverCommandExecutor.execute(DriverCommandExecutor.java:142)
	at org.openqa.selenium.remote.RemoteWebDriver.execute(RemoteWebDriver.java:535)
	at org.openqa.selenium.remote.RemoteWebElement.execute(RemoteWebElement.java:257)
	at org.openqa.selenium.remote.RemoteWebElement.click(RemoteWebElement.java:78)
	at pages.P4_MyVehicles.pickTheCar(P4_MyVehicles.java:525)
	at testcases.TC005_Dashboard.verifyVehicleStatusForMaintenance(TC005_Dashboard.java:202)
	at java.base/jdk.internal.reflect.NativeMethodAccessorImpl.invoke0(Native Method)
	at java.base/jdk.internal.reflect.NativeMethodAccessorImpl.invoke(NativeMethodAccessorImpl.java:77)
	at java.base/jdk.internal.reflect.DelegatingMethodAccessorImpl.invoke(DelegatingMethodAccessorImpl.java:43)
	at java.base/java.lang.reflect.Method.invoke(Method.java:568)
	at org.testng.internal.MethodInvocationHelper.invokeMethod(MethodInvocationHelper.java:133)
	at org.testng.internal.TestInvoker.invokeMethod(TestInvoker.java:584)
	at org.testng.internal.TestInvoker.invokeTestMethod(TestInvoker.java:172)
	at org.testng.internal.MethodRunner.runInSequence(MethodRunner.java:46)
	at org.testng.internal.TestInvoker$MethodInvocationAgent.invoke(TestInvoker.java:804)
	at org.testng.internal.TestInvoker.invokeTestMethods(TestInvoker.java:145)
	at org.testng.internal.TestMethodWorker.invokeTestMethods(TestMethodWorker.java:146)
	at org.testng.internal.TestMethodWorker.run(TestMethodWorker.java:128)
	at java.base/java.util.ArrayList.forEach(ArrayList.java:1511)
	at org.testng.TestRunner.privateRun(TestRunner.java:770)
	at org.testng.TestRunner.run(TestRunner.java:591)
	at org.testng.SuiteRunner.runTest(SuiteRunner.java:402)
	at org.testng.SuiteRunner.runSequentially(SuiteRunner.java:396)
	at org.testng.SuiteRunner.privateRun(SuiteRunner.java:355)
	at org.testng.SuiteRunner.run(SuiteRunner.java:304)
	at org.testng.SuiteRunnerWorker.runSuite(SuiteRunnerWorker.java:53)
	at org.testng.SuiteRunnerWorker.run(SuiteRunnerWorker.java:96)
	at org.testng.TestNG.runSuitesSequentially(TestNG.java:1180)
	at org.testng.TestNG.runSuitesLocally(TestNG.java:1102)
	at org.testng.TestNG.runSuites(TestNG.java:1032)
	at org.testng.TestNG.run(TestNG.java:1000)
	at org.testng.remote.AbstractRemoteTestNG.run(AbstractRemoteTestNG.java:115)
	at org.testng.remote.RemoteTestNG.initAndRun(RemoteTestNG.java:251)
	at org.testng.remote.RemoteTestNG.main(RemoteTestNG.java:77)
</pre></div></td>
<td>66</td>
<td>testcases.TC005_Dashboard@54422e18</td></tr>
<tr>
<td title='testcases.TC005_Dashboard.verifyVehicleStatusPopupCloseButton()'><b>verifyVehicleStatusPopupCloseButton</b><br>Test class: testcases.TC005_Dashboard<br>Parameters: sson@mailinator.com, Password1, My TELLURIDE, Remote, Locks,Doors,Windows,Trunk,Hood, Head Lamp,Stop Lamp,Turn Lamp, Engine Oil,Brake Fluid,Washer Fluid, 92708, Test, Testing</td>
<td><div><pre>java.lang.RuntimeException: FAILED
	at utils.Reporter.reportStep(Reporter.java:37)
	at utils.Reporter.reportStep(Reporter.java:47)
	at wrappers.GenericWrappers.waitUntilElementVisisble(GenericWrappers.java:184)
	at pages.P5_Dashboard.clickOnMaintanceVehicleStatus(P5_Dashboard.java:376)
	at testcases.TC005_Dashboard.verifyVehicleStatusPopupCloseButton(TC005_Dashboard.java:293)
	at java.base/java.util.ArrayList.forEach(ArrayList.java:1511)
... Removed 27 stack frames</pre></div><a href='#' onClick='toggleBox("stack-trace1326794173", this, "Click to show all stack frames", "Click to hide stack frames")'>Click to show all stack frames</a>
<div class='stack-trace' id='stack-trace1326794173'><pre>java.lang.RuntimeException: FAILED
	at utils.Reporter.reportStep(Reporter.java:37)
	at utils.Reporter.reportStep(Reporter.java:47)
	at wrappers.GenericWrappers.waitUntilElementVisisble(GenericWrappers.java:184)
	at pages.P5_Dashboard.clickOnMaintanceVehicleStatus(P5_Dashboard.java:376)
	at testcases.TC005_Dashboard.verifyVehicleStatusPopupCloseButton(TC005_Dashboard.java:293)
	at java.base/jdk.internal.reflect.NativeMethodAccessorImpl.invoke0(Native Method)
	at java.base/jdk.internal.reflect.NativeMethodAccessorImpl.invoke(NativeMethodAccessorImpl.java:77)
	at java.base/jdk.internal.reflect.DelegatingMethodAccessorImpl.invoke(DelegatingMethodAccessorImpl.java:43)
	at java.base/java.lang.reflect.Method.invoke(Method.java:568)
	at org.testng.internal.MethodInvocationHelper.invokeMethod(MethodInvocationHelper.java:133)
	at org.testng.internal.TestInvoker.invokeMethod(TestInvoker.java:584)
	at org.testng.internal.TestInvoker.invokeTestMethod(TestInvoker.java:172)
	at org.testng.internal.MethodRunner.runInSequence(MethodRunner.java:46)
	at org.testng.internal.TestInvoker$MethodInvocationAgent.invoke(TestInvoker.java:804)
	at org.testng.internal.TestInvoker.invokeTestMethods(TestInvoker.java:145)
	at org.testng.internal.TestMethodWorker.invokeTestMethods(TestMethodWorker.java:146)
	at org.testng.internal.TestMethodWorker.run(TestMethodWorker.java:128)
	at java.base/java.util.ArrayList.forEach(ArrayList.java:1511)
	at org.testng.TestRunner.privateRun(TestRunner.java:770)
	at org.testng.TestRunner.run(TestRunner.java:591)
	at org.testng.SuiteRunner.runTest(SuiteRunner.java:402)
	at org.testng.SuiteRunner.runSequentially(SuiteRunner.java:396)
	at org.testng.SuiteRunner.privateRun(SuiteRunner.java:355)
	at org.testng.SuiteRunner.run(SuiteRunner.java:304)
	at org.testng.SuiteRunnerWorker.runSuite(SuiteRunnerWorker.java:53)
	at org.testng.SuiteRunnerWorker.run(SuiteRunnerWorker.java:96)
	at org.testng.TestNG.runSuitesSequentially(TestNG.java:1180)
	at org.testng.TestNG.runSuitesLocally(TestNG.java:1102)
	at org.testng.TestNG.runSuites(TestNG.java:1032)
	at org.testng.TestNG.run(TestNG.java:1000)
	at org.testng.remote.AbstractRemoteTestNG.run(AbstractRemoteTestNG.java:115)
	at org.testng.remote.RemoteTestNG.initAndRun(RemoteTestNG.java:251)
	at org.testng.remote.RemoteTestNG.main(RemoteTestNG.java:77)
</pre></div></td>
<td>158</td>
<td>testcases.TC005_Dashboard@54422e18</td></tr>
</table><p>
<table width='100%' border='1' class='invocation-passed'>
<tr><td colspan='4' align='center'><b>PASSED TESTS</b></td></tr>
<tr><td><b>Test method</b></td>
<td width="30%"><b>Exception</b></td>
<td width="10%"><b>Time (seconds)</b></td>
<td><b>Instance</b></td>
</tr>
<tr>
<td title='testcases.TC005_Dashboard.verifyDiagnosticIssue()'><b>verifyDiagnosticIssue</b><br>Test class: testcases.TC005_Dashboard<br>Parameters: sson@mailinator.com, Password1, My TELLURIDE, Remote, Locks,Doors,Windows,Trunk,Hood, Head Lamp,Stop Lamp,Turn Lamp, Engine Oil,Brake Fluid,Washer Fluid, 92708, Test, Testing</td>
<td></td>
<td>38</td>
<td>testcases.TC005_Dashboard@54422e18</td></tr>
<tr>
<td title='testcases.TC005_Dashboard.verifyDoorAndWindowsSubmodules()'><b>verifyDoorAndWindowsSubmodules</b><br>Test class: testcases.TC005_Dashboard<br>Parameters: sson@mailinator.com, Password1, My TELLURIDE, Remote, Locks,Doors,Windows,Trunk,Hood, Head Lamp,Stop Lamp,Turn Lamp, Engine Oil,Brake Fluid,Washer Fluid, 92708, Test, Testing</td>
<td></td>
<td>40</td>
<td>testcases.TC005_Dashboard@54422e18</td></tr>
<tr>
<td title='testcases.TC005_Dashboard.verifyFindGasStationLocationNearBy()'><b>verifyFindGasStationLocationNearBy</b><br>Test class: testcases.TC005_Dashboard<br>Parameters: sson@mailinator.com, Password1, My TELLURIDE, Remote, Locks,Doors,Windows,Trunk,Hood, Head Lamp,Stop Lamp,Turn Lamp, Engine Oil,Brake Fluid,Washer Fluid, 92708, Test, Testing</td>
<td></td>
<td>58</td>
<td>testcases.TC005_Dashboard@54422e18</td></tr>
<tr>
<td title='testcases.TC005_Dashboard.verifyFluidsSubmodules()'><b>verifyFluidsSubmodules</b><br>Test class: testcases.TC005_Dashboard<br>Parameters: sson@mailinator.com, Password1, My TELLURIDE, Remote, Locks,Doors,Windows,Trunk,Hood, Head Lamp,Stop Lamp,Turn Lamp, Engine Oil,Brake Fluid,Washer Fluid, 92708, Test, Testing</td>
<td></td>
<td>40</td>
<td>testcases.TC005_Dashboard@54422e18</td></tr>
<tr>
<td title='testcases.TC005_Dashboard.verifySmartKeySection()'><b>verifySmartKeySection</b><br>Test class: testcases.TC005_Dashboard<br>Parameters: sson@mailinator.com, Password1, My TELLURIDE, Remote, Locks,Doors,Windows,Trunk,Hood, Head Lamp,Stop Lamp,Turn Lamp, Engine Oil,Brake Fluid,Washer Fluid, 92708, Test, Testing</td>
<td></td>
<td>40</td>
<td>testcases.TC005_Dashboard@54422e18</td></tr>
<tr>
<td title='testcases.TC005_Dashboard.verifyToastsMessageForDoorLockUnlock()'><b>verifyToastsMessageForDoorLockUnlock</b><br>Test class: testcases.TC005_Dashboard<br>Parameters: sson@mailinator.com, Password1, My TELLURIDE, Remote, Locks,Doors,Windows,Trunk,Hood, Head Lamp,Stop Lamp,Turn Lamp, Engine Oil,Brake Fluid,Washer Fluid, 92708, Test, Testing</td>
<td></td>
<td>106</td>
<td>testcases.TC005_Dashboard@54422e18</td></tr>
<tr>
<td title='testcases.TC005_Dashboard.verifyVehicleFuelRangeAndStationNearBy()'><b>verifyVehicleFuelRangeAndStationNearBy</b><br>Test class: testcases.TC005_Dashboard<br>Parameters: sson@mailinator.com, Password1, My TELLURIDE, Remote, Locks,Doors,Windows,Trunk,Hood, Head Lamp,Stop Lamp,Turn Lamp, Engine Oil,Brake Fluid,Washer Fluid, 92708, Test, Testing</td>
<td></td>
<td>45</td>
<td>testcases.TC005_Dashboard@54422e18</td></tr>
</table><p>
</body>
</html>