<html>
<head>
<title>TestNG:  KIAConnectSubscriptionStaging</title>
<link href="../testng.css" rel="stylesheet" type="text/css" />
<link href="../my-testng.css" rel="stylesheet" type="text/css" />

<style type="text/css">
.log { display: none;} 
.stack-trace { display: none;} 
</style>
<script type="text/javascript">
<!--
function flip(e) {
  current = e.style.display;
  if (current == 'block') {
    e.style.display = 'none';
    return 0;
  }
  else {
    e.style.display = 'block';
    return 1;
  }
}

function toggleBox(szDivId, elem, msg1, msg2)
{
  var res = -1;  if (document.getElementById) {
    res = flip(document.getElementById(szDivId));
  }
  else if (document.all) {
    // this is the way old msie versions work
    res = flip(document.all[szDivId]);
  }
  if(elem) {
    if(res == 0) elem.innerHTML = msg1; else elem.innerHTML = msg2;
  }

}

function toggleAllBoxes() {
  if (document.getElementsByTagName) {
    d = document.getElementsByTagName('div');
    for (i = 0; i < d.length; i++) {
      if (d[i].className == 'log') {
        flip(d[i]);
      }
    }
  }
}

// -->
</script>

</head>
<body>
<h2 align='center'>KIAConnectSubscriptionStaging</h2><table border='1' align="center">
<tr>
<td>Tests passed/Failed/Skipped:</td><td>5/23/0</td>
</tr><tr>
<td>Started on:</td><td>Mon Aug 21 12:37:10 IST 2023</td>
</tr>
<tr><td>Total time:</td><td>3060 seconds (3060201 ms)</td>
</tr><tr>
<td>Included groups:</td><td></td>
</tr><tr>
<td>Excluded groups:</td><td></td>
</tr>
</table><p/>
<small><i>(Hover the method name to see the test class name)</i></small><p/>
<table width='100%' border='1' class='invocation-failed'>
<tr><td colspan='4' align='center'><b>FAILED TESTS</b></td></tr>
<tr><td><b>Test method</b></td>
<td><b>Attribute(s)</b></td>
<td width="30%"><b>Exception</b></td>
<td width="10%"><b>Time (seconds)</b></td>
<td><b>Instance</b></td>
</tr>
<tr>
<td title='testcases.TC014_KIAConnectSubscriptionStaging.verifyDowndgradeMonthlySubscriptionUltimateToPlusPackage()'><b>verifyDowndgradeMonthlySubscriptionUltimateToPlusPackage</b><br>Test class: testcases.TC014_KIAConnectSubscriptionStaging<br>Parameters: testdummy900@mailinator.com, Password1, EV6, Subscription</td>
<td><div><pre>java.lang.RuntimeException: FAILED
	at utils.Reporter.reportStep(Reporter.java:37)
	at utils.Reporter.reportStep(Reporter.java:47)
	at wrappers.GenericWrappers.isElementPresent(GenericWrappers.java:1021)
	at wrappers.GenericWrappers.scrollToElement(GenericWrappers.java:1051)
	at pages.P12_KIAConnectSubscription.verifyDowndgradeMonthlySubscriptionUltimateToPlusPackage(P12_KIAConnectSubscription.java:1291)
	at testcases.TC014_KIAConnectSubscriptionStaging.verifyDowndgradeMonthlySubscriptionUltimateToPlusPackage(TC014_KIAConnectSubscriptionStaging.java:395)
	at java.base/java.util.ArrayList.forEach(ArrayList.java:1511)
... Removed 27 stack frames</pre></div><a href='#' onClick='toggleBox("stack-trace98332446", this, "Click to show all stack frames", "Click to hide stack frames")'>Click to show all stack frames</a>
<div class='stack-trace' id='stack-trace98332446'><pre>java.lang.RuntimeException: FAILED
	at utils.Reporter.reportStep(Reporter.java:37)
	at utils.Reporter.reportStep(Reporter.java:47)
	at wrappers.GenericWrappers.isElementPresent(GenericWrappers.java:1021)
	at wrappers.GenericWrappers.scrollToElement(GenericWrappers.java:1051)
	at pages.P12_KIAConnectSubscription.verifyDowndgradeMonthlySubscriptionUltimateToPlusPackage(P12_KIAConnectSubscription.java:1291)
	at testcases.TC014_KIAConnectSubscriptionStaging.verifyDowndgradeMonthlySubscriptionUltimateToPlusPackage(TC014_KIAConnectSubscriptionStaging.java:395)
	at java.base/jdk.internal.reflect.NativeMethodAccessorImpl.invoke0(Native Method)
	at java.base/jdk.internal.reflect.NativeMethodAccessorImpl.invoke(NativeMethodAccessorImpl.java:77)
	at java.base/jdk.internal.reflect.DelegatingMethodAccessorImpl.invoke(DelegatingMethodAccessorImpl.java:43)
	at java.base/java.lang.reflect.Method.invoke(Method.java:568)
	at org.testng.internal.invokers.MethodInvocationHelper.invokeMethod(MethodInvocationHelper.java:139)
	at org.testng.internal.invokers.TestInvoker.invokeMethod(TestInvoker.java:664)
	at org.testng.internal.invokers.TestInvoker.invokeTestMethod(TestInvoker.java:227)
	at org.testng.internal.invokers.MethodRunner.runInSequence(MethodRunner.java:50)
	at org.testng.internal.invokers.TestInvoker$MethodInvocationAgent.invoke(TestInvoker.java:957)
	at org.testng.internal.invokers.TestInvoker.invokeTestMethods(TestInvoker.java:200)
	at org.testng.internal.invokers.TestMethodWorker.invokeTestMethods(TestMethodWorker.java:148)
	at org.testng.internal.invokers.TestMethodWorker.run(TestMethodWorker.java:128)
	at java.base/java.util.ArrayList.forEach(ArrayList.java:1511)
	at org.testng.TestRunner.privateRun(TestRunner.java:848)
	at org.testng.TestRunner.run(TestRunner.java:621)
	at org.testng.SuiteRunner.runTest(SuiteRunner.java:443)
	at org.testng.SuiteRunner.runSequentially(SuiteRunner.java:437)
	at org.testng.SuiteRunner.privateRun(SuiteRunner.java:397)
	at org.testng.SuiteRunner.run(SuiteRunner.java:336)
	at org.testng.SuiteRunnerWorker.runSuite(SuiteRunnerWorker.java:52)
	at org.testng.SuiteRunnerWorker.run(SuiteRunnerWorker.java:95)
	at org.testng.TestNG.runSuitesSequentially(TestNG.java:1280)
	at org.testng.TestNG.runSuitesLocally(TestNG.java:1200)
	at org.testng.TestNG.runSuites(TestNG.java:1114)
	at org.testng.TestNG.run(TestNG.java:1082)
	at org.testng.remote.AbstractRemoteTestNG.run(AbstractRemoteTestNG.java:115)
	at org.testng.remote.RemoteTestNG.initAndRun(RemoteTestNG.java:251)
	at org.testng.remote.RemoteTestNG.main(RemoteTestNG.java:77)
</pre></div></td>
<td>77</td>
<td>testcases.TC014_KIAConnectSubscriptionStaging@4f4c4b1a</td></tr>
<tr>
<td title='testcases.TC014_KIAConnectSubscriptionStaging.verifyDowndgradeAnnualCareToMonthlyUltimatePackage()'><b>verifyDowndgradeAnnualCareToMonthlyUltimatePackage</b><br>Test class: testcases.TC014_KIAConnectSubscriptionStaging<br>Parameters: testdummy900@mailinator.com, Password1, EV6, Subscription</td>
<td><div><pre>java.lang.RuntimeException: FAILED
	at utils.Reporter.reportStep(Reporter.java:37)
	at utils.Reporter.reportStep(Reporter.java:47)
	at wrappers.GenericWrappers.isElementPresent(GenericWrappers.java:1021)
	at wrappers.GenericWrappers.scrollToElement(GenericWrappers.java:1051)
	at pages.P12_KIAConnectSubscription.verifyDowndgradeAnnualCareToMonthlyUltimatePackage(P12_KIAConnectSubscription.java:1241)
	at testcases.TC014_KIAConnectSubscriptionStaging.verifyDowndgradeAnnualCareToMonthlyUltimatePackage(TC014_KIAConnectSubscriptionStaging.java:379)
	at java.base/java.util.ArrayList.forEach(ArrayList.java:1511)
... Removed 27 stack frames</pre></div><a href='#' onClick='toggleBox("stack-trace1116938800", this, "Click to show all stack frames", "Click to hide stack frames")'>Click to show all stack frames</a>
<div class='stack-trace' id='stack-trace1116938800'><pre>java.lang.RuntimeException: FAILED
	at utils.Reporter.reportStep(Reporter.java:37)
	at utils.Reporter.reportStep(Reporter.java:47)
	at wrappers.GenericWrappers.isElementPresent(GenericWrappers.java:1021)
	at wrappers.GenericWrappers.scrollToElement(GenericWrappers.java:1051)
	at pages.P12_KIAConnectSubscription.verifyDowndgradeAnnualCareToMonthlyUltimatePackage(P12_KIAConnectSubscription.java:1241)
	at testcases.TC014_KIAConnectSubscriptionStaging.verifyDowndgradeAnnualCareToMonthlyUltimatePackage(TC014_KIAConnectSubscriptionStaging.java:379)
	at java.base/jdk.internal.reflect.NativeMethodAccessorImpl.invoke0(Native Method)
	at java.base/jdk.internal.reflect.NativeMethodAccessorImpl.invoke(NativeMethodAccessorImpl.java:77)
	at java.base/jdk.internal.reflect.DelegatingMethodAccessorImpl.invoke(DelegatingMethodAccessorImpl.java:43)
	at java.base/java.lang.reflect.Method.invoke(Method.java:568)
	at org.testng.internal.invokers.MethodInvocationHelper.invokeMethod(MethodInvocationHelper.java:139)
	at org.testng.internal.invokers.TestInvoker.invokeMethod(TestInvoker.java:664)
	at org.testng.internal.invokers.TestInvoker.invokeTestMethod(TestInvoker.java:227)
	at org.testng.internal.invokers.MethodRunner.runInSequence(MethodRunner.java:50)
	at org.testng.internal.invokers.TestInvoker$MethodInvocationAgent.invoke(TestInvoker.java:957)
	at org.testng.internal.invokers.TestInvoker.invokeTestMethods(TestInvoker.java:200)
	at org.testng.internal.invokers.TestMethodWorker.invokeTestMethods(TestMethodWorker.java:148)
	at org.testng.internal.invokers.TestMethodWorker.run(TestMethodWorker.java:128)
	at java.base/java.util.ArrayList.forEach(ArrayList.java:1511)
	at org.testng.TestRunner.privateRun(TestRunner.java:848)
	at org.testng.TestRunner.run(TestRunner.java:621)
	at org.testng.SuiteRunner.runTest(SuiteRunner.java:443)
	at org.testng.SuiteRunner.runSequentially(SuiteRunner.java:437)
	at org.testng.SuiteRunner.privateRun(SuiteRunner.java:397)
	at org.testng.SuiteRunner.run(SuiteRunner.java:336)
	at org.testng.SuiteRunnerWorker.runSuite(SuiteRunnerWorker.java:52)
	at org.testng.SuiteRunnerWorker.run(SuiteRunnerWorker.java:95)
	at org.testng.TestNG.runSuitesSequentially(TestNG.java:1280)
	at org.testng.TestNG.runSuitesLocally(TestNG.java:1200)
	at org.testng.TestNG.runSuites(TestNG.java:1114)
	at org.testng.TestNG.run(TestNG.java:1082)
	at org.testng.remote.AbstractRemoteTestNG.run(AbstractRemoteTestNG.java:115)
	at org.testng.remote.RemoteTestNG.initAndRun(RemoteTestNG.java:251)
	at org.testng.remote.RemoteTestNG.main(RemoteTestNG.java:77)
</pre></div></td>
<td>77</td>
<td>testcases.TC014_KIAConnectSubscriptionStaging@4f4c4b1a</td></tr>
<tr>
<td title='testcases.TC014_KIAConnectSubscriptionStaging.cancelThePackageForMonthlySubcription()'><b>cancelThePackageForMonthlySubcription</b><br>Test class: testcases.TC014_KIAConnectSubscriptionStaging<br>Parameters: testdummy900@mailinator.com, Password1, EV6, Subscription</td>
<td><div><pre>java.lang.RuntimeException: FAILED
	at utils.Reporter.reportStep(Reporter.java:37)
	at utils.Reporter.reportStep(Reporter.java:47)
	at wrappers.GenericWrappers.isElementPresent(GenericWrappers.java:1021)
	at wrappers.GenericWrappers.scrollToElement(GenericWrappers.java:1051)
	at pages.P12_KIAConnectSubscription.verifyUpgradeMonthlySubscriptionToPlusPackage(P12_KIAConnectSubscription.java:142)
	at testcases.TC014_KIAConnectSubscriptionStaging.cancelThePackageForMonthlySubcription(TC014_KIAConnectSubscriptionStaging.java:96)
	at java.base/java.util.ArrayList.forEach(ArrayList.java:1511)
... Removed 27 stack frames</pre></div><a href='#' onClick='toggleBox("stack-trace1906935661", this, "Click to show all stack frames", "Click to hide stack frames")'>Click to show all stack frames</a>
<div class='stack-trace' id='stack-trace1906935661'><pre>java.lang.RuntimeException: FAILED
	at utils.Reporter.reportStep(Reporter.java:37)
	at utils.Reporter.reportStep(Reporter.java:47)
	at wrappers.GenericWrappers.isElementPresent(GenericWrappers.java:1021)
	at wrappers.GenericWrappers.scrollToElement(GenericWrappers.java:1051)
	at pages.P12_KIAConnectSubscription.verifyUpgradeMonthlySubscriptionToPlusPackage(P12_KIAConnectSubscription.java:142)
	at testcases.TC014_KIAConnectSubscriptionStaging.cancelThePackageForMonthlySubcription(TC014_KIAConnectSubscriptionStaging.java:96)
	at java.base/jdk.internal.reflect.NativeMethodAccessorImpl.invoke0(Native Method)
	at java.base/jdk.internal.reflect.NativeMethodAccessorImpl.invoke(NativeMethodAccessorImpl.java:77)
	at java.base/jdk.internal.reflect.DelegatingMethodAccessorImpl.invoke(DelegatingMethodAccessorImpl.java:43)
	at java.base/java.lang.reflect.Method.invoke(Method.java:568)
	at org.testng.internal.invokers.MethodInvocationHelper.invokeMethod(MethodInvocationHelper.java:139)
	at org.testng.internal.invokers.TestInvoker.invokeMethod(TestInvoker.java:664)
	at org.testng.internal.invokers.TestInvoker.invokeTestMethod(TestInvoker.java:227)
	at org.testng.internal.invokers.MethodRunner.runInSequence(MethodRunner.java:50)
	at org.testng.internal.invokers.TestInvoker$MethodInvocationAgent.invoke(TestInvoker.java:957)
	at org.testng.internal.invokers.TestInvoker.invokeTestMethods(TestInvoker.java:200)
	at org.testng.internal.invokers.TestMethodWorker.invokeTestMethods(TestMethodWorker.java:148)
	at org.testng.internal.invokers.TestMethodWorker.run(TestMethodWorker.java:128)
	at java.base/java.util.ArrayList.forEach(ArrayList.java:1511)
	at org.testng.TestRunner.privateRun(TestRunner.java:848)
	at org.testng.TestRunner.run(TestRunner.java:621)
	at org.testng.SuiteRunner.runTest(SuiteRunner.java:443)
	at org.testng.SuiteRunner.runSequentially(SuiteRunner.java:437)
	at org.testng.SuiteRunner.privateRun(SuiteRunner.java:397)
	at org.testng.SuiteRunner.run(SuiteRunner.java:336)
	at org.testng.SuiteRunnerWorker.runSuite(SuiteRunnerWorker.java:52)
	at org.testng.SuiteRunnerWorker.run(SuiteRunnerWorker.java:95)
	at org.testng.TestNG.runSuitesSequentially(TestNG.java:1280)
	at org.testng.TestNG.runSuitesLocally(TestNG.java:1200)
	at org.testng.TestNG.runSuites(TestNG.java:1114)
	at org.testng.TestNG.run(TestNG.java:1082)
	at org.testng.remote.AbstractRemoteTestNG.run(AbstractRemoteTestNG.java:115)
	at org.testng.remote.RemoteTestNG.initAndRun(RemoteTestNG.java:251)
	at org.testng.remote.RemoteTestNG.main(RemoteTestNG.java:77)
</pre></div></td>
<td>75</td>
<td>testcases.TC014_KIAConnectSubscriptionStaging@4f4c4b1a</td></tr>
<tr>
<td title='testcases.TC014_KIAConnectSubscriptionStaging.verifyDowndgradeAnnualUltimateToPlusPackage()'><b>verifyDowndgradeAnnualUltimateToPlusPackage</b><br>Test class: testcases.TC014_KIAConnectSubscriptionStaging<br>Parameters: testdummy900@mailinator.com, Password1, EV6, Subscription</td>
<td><div><pre>java.lang.RuntimeException: FAILED
	at utils.Reporter.reportStep(Reporter.java:37)
	at utils.Reporter.reportStep(Reporter.java:47)
	at wrappers.GenericWrappers.waitUntilElementVisisble(GenericWrappers.java:183)
	at pages.P12_KIAConnectSubscription.verifyDowndgradeAnnualUltimateToPlusPackage(P12_KIAConnectSubscription.java:1122)
	at testcases.TC014_KIAConnectSubscriptionStaging.verifyDowndgradeAnnualUltimateToPlusPackage(TC014_KIAConnectSubscriptionStaging.java:347)
	at java.base/java.util.ArrayList.forEach(ArrayList.java:1511)
... Removed 27 stack frames</pre></div><a href='#' onClick='toggleBox("stack-trace1564907842", this, "Click to show all stack frames", "Click to hide stack frames")'>Click to show all stack frames</a>
<div class='stack-trace' id='stack-trace1564907842'><pre>java.lang.RuntimeException: FAILED
	at utils.Reporter.reportStep(Reporter.java:37)
	at utils.Reporter.reportStep(Reporter.java:47)
	at wrappers.GenericWrappers.waitUntilElementVisisble(GenericWrappers.java:183)
	at pages.P12_KIAConnectSubscription.verifyDowndgradeAnnualUltimateToPlusPackage(P12_KIAConnectSubscription.java:1122)
	at testcases.TC014_KIAConnectSubscriptionStaging.verifyDowndgradeAnnualUltimateToPlusPackage(TC014_KIAConnectSubscriptionStaging.java:347)
	at java.base/jdk.internal.reflect.NativeMethodAccessorImpl.invoke0(Native Method)
	at java.base/jdk.internal.reflect.NativeMethodAccessorImpl.invoke(NativeMethodAccessorImpl.java:77)
	at java.base/jdk.internal.reflect.DelegatingMethodAccessorImpl.invoke(DelegatingMethodAccessorImpl.java:43)
	at java.base/java.lang.reflect.Method.invoke(Method.java:568)
	at org.testng.internal.invokers.MethodInvocationHelper.invokeMethod(MethodInvocationHelper.java:139)
	at org.testng.internal.invokers.TestInvoker.invokeMethod(TestInvoker.java:664)
	at org.testng.internal.invokers.TestInvoker.invokeTestMethod(TestInvoker.java:227)
	at org.testng.internal.invokers.MethodRunner.runInSequence(MethodRunner.java:50)
	at org.testng.internal.invokers.TestInvoker$MethodInvocationAgent.invoke(TestInvoker.java:957)
	at org.testng.internal.invokers.TestInvoker.invokeTestMethods(TestInvoker.java:200)
	at org.testng.internal.invokers.TestMethodWorker.invokeTestMethods(TestMethodWorker.java:148)
	at org.testng.internal.invokers.TestMethodWorker.run(TestMethodWorker.java:128)
	at java.base/java.util.ArrayList.forEach(ArrayList.java:1511)
	at org.testng.TestRunner.privateRun(TestRunner.java:848)
	at org.testng.TestRunner.run(TestRunner.java:621)
	at org.testng.SuiteRunner.runTest(SuiteRunner.java:443)
	at org.testng.SuiteRunner.runSequentially(SuiteRunner.java:437)
	at org.testng.SuiteRunner.privateRun(SuiteRunner.java:397)
	at org.testng.SuiteRunner.run(SuiteRunner.java:336)
	at org.testng.SuiteRunnerWorker.runSuite(SuiteRunnerWorker.java:52)
	at org.testng.SuiteRunnerWorker.run(SuiteRunnerWorker.java:95)
	at org.testng.TestNG.runSuitesSequentially(TestNG.java:1280)
	at org.testng.TestNG.runSuitesLocally(TestNG.java:1200)
	at org.testng.TestNG.runSuites(TestNG.java:1114)
	at org.testng.TestNG.run(TestNG.java:1082)
	at org.testng.remote.AbstractRemoteTestNG.run(AbstractRemoteTestNG.java:115)
	at org.testng.remote.RemoteTestNG.initAndRun(RemoteTestNG.java:251)
	at org.testng.remote.RemoteTestNG.main(RemoteTestNG.java:77)
</pre></div></td>
<td>165</td>
<td>testcases.TC014_KIAConnectSubscriptionStaging@4f4c4b1a</td></tr>
<tr>
<td title='testcases.TC014_KIAConnectSubscriptionStaging.verifyUpgradeAnnualSubscriptionLiteToUltimatePackage()'><b>verifyUpgradeAnnualSubscriptionLiteToUltimatePackage</b><br>Test class: testcases.TC014_KIAConnectSubscriptionStaging<br>Parameters: testdummy900@mailinator.com, Password1, EV6, Subscription</td>
<td><div><pre>java.lang.RuntimeException: FAILED
	at utils.Reporter.reportStep(Reporter.java:37)
	at utils.Reporter.reportStep(Reporter.java:47)
	at wrappers.GenericWrappers.isElementPresent(GenericWrappers.java:1021)
	at wrappers.GenericWrappers.scrollToElement(GenericWrappers.java:1051)
	at pages.P4_MyVehicles.pickTheEV6Car(P4_MyVehicles.java:413)
	at testcases.TC014_KIAConnectSubscriptionStaging.verifyUpgradeAnnualSubscriptionLiteToUltimatePackage(TC014_KIAConnectSubscriptionStaging.java:279)
	at java.base/java.util.ArrayList.forEach(ArrayList.java:1511)
... Removed 27 stack frames</pre></div><a href='#' onClick='toggleBox("stack-trace1948537857", this, "Click to show all stack frames", "Click to hide stack frames")'>Click to show all stack frames</a>
<div class='stack-trace' id='stack-trace1948537857'><pre>java.lang.RuntimeException: FAILED
	at utils.Reporter.reportStep(Reporter.java:37)
	at utils.Reporter.reportStep(Reporter.java:47)
	at wrappers.GenericWrappers.isElementPresent(GenericWrappers.java:1021)
	at wrappers.GenericWrappers.scrollToElement(GenericWrappers.java:1051)
	at pages.P4_MyVehicles.pickTheEV6Car(P4_MyVehicles.java:413)
	at testcases.TC014_KIAConnectSubscriptionStaging.verifyUpgradeAnnualSubscriptionLiteToUltimatePackage(TC014_KIAConnectSubscriptionStaging.java:279)
	at java.base/jdk.internal.reflect.NativeMethodAccessorImpl.invoke0(Native Method)
	at java.base/jdk.internal.reflect.NativeMethodAccessorImpl.invoke(NativeMethodAccessorImpl.java:77)
	at java.base/jdk.internal.reflect.DelegatingMethodAccessorImpl.invoke(DelegatingMethodAccessorImpl.java:43)
	at java.base/java.lang.reflect.Method.invoke(Method.java:568)
	at org.testng.internal.invokers.MethodInvocationHelper.invokeMethod(MethodInvocationHelper.java:139)
	at org.testng.internal.invokers.TestInvoker.invokeMethod(TestInvoker.java:664)
	at org.testng.internal.invokers.TestInvoker.invokeTestMethod(TestInvoker.java:227)
	at org.testng.internal.invokers.MethodRunner.runInSequence(MethodRunner.java:50)
	at org.testng.internal.invokers.TestInvoker$MethodInvocationAgent.invoke(TestInvoker.java:957)
	at org.testng.internal.invokers.TestInvoker.invokeTestMethods(TestInvoker.java:200)
	at org.testng.internal.invokers.TestMethodWorker.invokeTestMethods(TestMethodWorker.java:148)
	at org.testng.internal.invokers.TestMethodWorker.run(TestMethodWorker.java:128)
	at java.base/java.util.ArrayList.forEach(ArrayList.java:1511)
	at org.testng.TestRunner.privateRun(TestRunner.java:848)
	at org.testng.TestRunner.run(TestRunner.java:621)
	at org.testng.SuiteRunner.runTest(SuiteRunner.java:443)
	at org.testng.SuiteRunner.runSequentially(SuiteRunner.java:437)
	at org.testng.SuiteRunner.privateRun(SuiteRunner.java:397)
	at org.testng.SuiteRunner.run(SuiteRunner.java:336)
	at org.testng.SuiteRunnerWorker.runSuite(SuiteRunnerWorker.java:52)
	at org.testng.SuiteRunnerWorker.run(SuiteRunnerWorker.java:95)
	at org.testng.TestNG.runSuitesSequentially(TestNG.java:1280)
	at org.testng.TestNG.runSuitesLocally(TestNG.java:1200)
	at org.testng.TestNG.runSuites(TestNG.java:1114)
	at org.testng.TestNG.run(TestNG.java:1082)
	at org.testng.remote.AbstractRemoteTestNG.run(AbstractRemoteTestNG.java:115)
	at org.testng.remote.RemoteTestNG.initAndRun(RemoteTestNG.java:251)
	at org.testng.remote.RemoteTestNG.main(RemoteTestNG.java:77)
</pre></div></td>
<td>9</td>
<td>testcases.TC014_KIAConnectSubscriptionStaging@4f4c4b1a</td></tr>
<tr>
<td title='testcases.TC014_KIAConnectSubscriptionStaging.verifyUpgradeMonthlyCareToAnnualUltimatePackage()'><b>verifyUpgradeMonthlyCareToAnnualUltimatePackage</b><br>Test class: testcases.TC014_KIAConnectSubscriptionStaging<br>Parameters: testdummy900@mailinator.com, Password1, EV6, Subscription</td>
<td><div><pre>java.lang.RuntimeException: FAILED
	at utils.Reporter.reportStep(Reporter.java:37)
	at utils.Reporter.reportStep(Reporter.java:47)
	at wrappers.GenericWrappers.waitUntilElementVisisble(GenericWrappers.java:183)
	at pages.P12_KIAConnectSubscription.verifyUpgradeMonthlyCareToAnnualUltimatePackage(P12_KIAConnectSubscription.java:1071)
	at testcases.TC014_KIAConnectSubscriptionStaging.verifyUpgradeMonthlyCareToAnnualUltimatePackage(TC014_KIAConnectSubscriptionStaging.java:331)
	at java.base/java.util.ArrayList.forEach(ArrayList.java:1511)
... Removed 27 stack frames</pre></div><a href='#' onClick='toggleBox("stack-trace1371380475", this, "Click to show all stack frames", "Click to hide stack frames")'>Click to show all stack frames</a>
<div class='stack-trace' id='stack-trace1371380475'><pre>java.lang.RuntimeException: FAILED
	at utils.Reporter.reportStep(Reporter.java:37)
	at utils.Reporter.reportStep(Reporter.java:47)
	at wrappers.GenericWrappers.waitUntilElementVisisble(GenericWrappers.java:183)
	at pages.P12_KIAConnectSubscription.verifyUpgradeMonthlyCareToAnnualUltimatePackage(P12_KIAConnectSubscription.java:1071)
	at testcases.TC014_KIAConnectSubscriptionStaging.verifyUpgradeMonthlyCareToAnnualUltimatePackage(TC014_KIAConnectSubscriptionStaging.java:331)
	at java.base/jdk.internal.reflect.NativeMethodAccessorImpl.invoke0(Native Method)
	at java.base/jdk.internal.reflect.NativeMethodAccessorImpl.invoke(NativeMethodAccessorImpl.java:77)
	at java.base/jdk.internal.reflect.DelegatingMethodAccessorImpl.invoke(DelegatingMethodAccessorImpl.java:43)
	at java.base/java.lang.reflect.Method.invoke(Method.java:568)
	at org.testng.internal.invokers.MethodInvocationHelper.invokeMethod(MethodInvocationHelper.java:139)
	at org.testng.internal.invokers.TestInvoker.invokeMethod(TestInvoker.java:664)
	at org.testng.internal.invokers.TestInvoker.invokeTestMethod(TestInvoker.java:227)
	at org.testng.internal.invokers.MethodRunner.runInSequence(MethodRunner.java:50)
	at org.testng.internal.invokers.TestInvoker$MethodInvocationAgent.invoke(TestInvoker.java:957)
	at org.testng.internal.invokers.TestInvoker.invokeTestMethods(TestInvoker.java:200)
	at org.testng.internal.invokers.TestMethodWorker.invokeTestMethods(TestMethodWorker.java:148)
	at org.testng.internal.invokers.TestMethodWorker.run(TestMethodWorker.java:128)
	at java.base/java.util.ArrayList.forEach(ArrayList.java:1511)
	at org.testng.TestRunner.privateRun(TestRunner.java:848)
	at org.testng.TestRunner.run(TestRunner.java:621)
	at org.testng.SuiteRunner.runTest(SuiteRunner.java:443)
	at org.testng.SuiteRunner.runSequentially(SuiteRunner.java:437)
	at org.testng.SuiteRunner.privateRun(SuiteRunner.java:397)
	at org.testng.SuiteRunner.run(SuiteRunner.java:336)
	at org.testng.SuiteRunnerWorker.runSuite(SuiteRunnerWorker.java:52)
	at org.testng.SuiteRunnerWorker.run(SuiteRunnerWorker.java:95)
	at org.testng.TestNG.runSuitesSequentially(TestNG.java:1280)
	at org.testng.TestNG.runSuitesLocally(TestNG.java:1200)
	at org.testng.TestNG.runSuites(TestNG.java:1114)
	at org.testng.TestNG.run(TestNG.java:1082)
	at org.testng.remote.AbstractRemoteTestNG.run(AbstractRemoteTestNG.java:115)
	at org.testng.remote.RemoteTestNG.initAndRun(RemoteTestNG.java:251)
	at org.testng.remote.RemoteTestNG.main(RemoteTestNG.java:77)
</pre></div></td>
<td>159</td>
<td>testcases.TC014_KIAConnectSubscriptionStaging@4f4c4b1a</td></tr>
<tr>
<td title='testcases.TC014_KIAConnectSubscriptionStaging.verifyDowndgradeAnnualPlusToCarePackage()'><b>verifyDowndgradeAnnualPlusToCarePackage</b><br>Test class: testcases.TC014_KIAConnectSubscriptionStaging<br>Parameters: testdummy900@mailinator.com, Password1, EV6, Subscription</td>
<td><div><pre>java.lang.RuntimeException: FAILED
	at utils.Reporter.reportStep(Reporter.java:37)
	at utils.Reporter.reportStep(Reporter.java:47)
	at wrappers.GenericWrappers.isElementPresent(GenericWrappers.java:1021)
	at wrappers.GenericWrappers.scrollToElement(GenericWrappers.java:1051)
	at pages.P12_KIAConnectSubscription.verifyDowndgradeAnnualPlusToCarePackage(P12_KIAConnectSubscription.java:1191)
	at testcases.TC014_KIAConnectSubscriptionStaging.verifyDowndgradeAnnualPlusToCarePackage(TC014_KIAConnectSubscriptionStaging.java:363)
	at java.base/java.util.ArrayList.forEach(ArrayList.java:1511)
... Removed 27 stack frames</pre></div><a href='#' onClick='toggleBox("stack-trace896698325", this, "Click to show all stack frames", "Click to hide stack frames")'>Click to show all stack frames</a>
<div class='stack-trace' id='stack-trace896698325'><pre>java.lang.RuntimeException: FAILED
	at utils.Reporter.reportStep(Reporter.java:37)
	at utils.Reporter.reportStep(Reporter.java:47)
	at wrappers.GenericWrappers.isElementPresent(GenericWrappers.java:1021)
	at wrappers.GenericWrappers.scrollToElement(GenericWrappers.java:1051)
	at pages.P12_KIAConnectSubscription.verifyDowndgradeAnnualPlusToCarePackage(P12_KIAConnectSubscription.java:1191)
	at testcases.TC014_KIAConnectSubscriptionStaging.verifyDowndgradeAnnualPlusToCarePackage(TC014_KIAConnectSubscriptionStaging.java:363)
	at java.base/jdk.internal.reflect.NativeMethodAccessorImpl.invoke0(Native Method)
	at java.base/jdk.internal.reflect.NativeMethodAccessorImpl.invoke(NativeMethodAccessorImpl.java:77)
	at java.base/jdk.internal.reflect.DelegatingMethodAccessorImpl.invoke(DelegatingMethodAccessorImpl.java:43)
	at java.base/java.lang.reflect.Method.invoke(Method.java:568)
	at org.testng.internal.invokers.MethodInvocationHelper.invokeMethod(MethodInvocationHelper.java:139)
	at org.testng.internal.invokers.TestInvoker.invokeMethod(TestInvoker.java:664)
	at org.testng.internal.invokers.TestInvoker.invokeTestMethod(TestInvoker.java:227)
	at org.testng.internal.invokers.MethodRunner.runInSequence(MethodRunner.java:50)
	at org.testng.internal.invokers.TestInvoker$MethodInvocationAgent.invoke(TestInvoker.java:957)
	at org.testng.internal.invokers.TestInvoker.invokeTestMethods(TestInvoker.java:200)
	at org.testng.internal.invokers.TestMethodWorker.invokeTestMethods(TestMethodWorker.java:148)
	at org.testng.internal.invokers.TestMethodWorker.run(TestMethodWorker.java:128)
	at java.base/java.util.ArrayList.forEach(ArrayList.java:1511)
	at org.testng.TestRunner.privateRun(TestRunner.java:848)
	at org.testng.TestRunner.run(TestRunner.java:621)
	at org.testng.SuiteRunner.runTest(SuiteRunner.java:443)
	at org.testng.SuiteRunner.runSequentially(SuiteRunner.java:437)
	at org.testng.SuiteRunner.privateRun(SuiteRunner.java:397)
	at org.testng.SuiteRunner.run(SuiteRunner.java:336)
	at org.testng.SuiteRunnerWorker.runSuite(SuiteRunnerWorker.java:52)
	at org.testng.SuiteRunnerWorker.run(SuiteRunnerWorker.java:95)
	at org.testng.TestNG.runSuitesSequentially(TestNG.java:1280)
	at org.testng.TestNG.runSuitesLocally(TestNG.java:1200)
	at org.testng.TestNG.runSuites(TestNG.java:1114)
	at org.testng.TestNG.run(TestNG.java:1082)
	at org.testng.remote.AbstractRemoteTestNG.run(AbstractRemoteTestNG.java:115)
	at org.testng.remote.RemoteTestNG.initAndRun(RemoteTestNG.java:251)
	at org.testng.remote.RemoteTestNG.main(RemoteTestNG.java:77)
</pre></div></td>
<td>118</td>
<td>testcases.TC014_KIAConnectSubscriptionStaging@4f4c4b1a</td></tr>
<tr>
<td title='testcases.TC014_KIAConnectSubscriptionStaging.verifyUpgradeMonthlySubscriptionLiteToCarePackage()'><b>verifyUpgradeMonthlySubscriptionLiteToCarePackage</b><br>Test class: testcases.TC014_KIAConnectSubscriptionStaging<br>Parameters: testdummy900@mailinator.com, Password1, EV6, Subscription</td>
<td><div><pre>java.lang.RuntimeException: FAILED
	at utils.Reporter.reportStep(Reporter.java:37)
	at utils.Reporter.reportStep(Reporter.java:47)
	at wrappers.GenericWrappers.waitUntilElementDisappears(GenericWrappers.java:265)
	at pages.P12_KIAConnectSubscription.cancelThePackageForMonthlySubcription(P12_KIAConnectSubscription.java:327)
	at pages.P12_KIAConnectSubscription.verifyUpgradeMonthlySubscriptionLiteToCarePackage(P12_KIAConnectSubscription.java:346)
	at testcases.TC014_KIAConnectSubscriptionStaging.verifyUpgradeMonthlySubscriptionLiteToCarePackage(TC014_KIAConnectSubscriptionStaging.java:118)
	at java.base/java.util.ArrayList.forEach(ArrayList.java:1511)
... Removed 27 stack frames</pre></div><a href='#' onClick='toggleBox("stack-trace303606643", this, "Click to show all stack frames", "Click to hide stack frames")'>Click to show all stack frames</a>
<div class='stack-trace' id='stack-trace303606643'><pre>java.lang.RuntimeException: FAILED
	at utils.Reporter.reportStep(Reporter.java:37)
	at utils.Reporter.reportStep(Reporter.java:47)
	at wrappers.GenericWrappers.waitUntilElementDisappears(GenericWrappers.java:265)
	at pages.P12_KIAConnectSubscription.cancelThePackageForMonthlySubcription(P12_KIAConnectSubscription.java:327)
	at pages.P12_KIAConnectSubscription.verifyUpgradeMonthlySubscriptionLiteToCarePackage(P12_KIAConnectSubscription.java:346)
	at testcases.TC014_KIAConnectSubscriptionStaging.verifyUpgradeMonthlySubscriptionLiteToCarePackage(TC014_KIAConnectSubscriptionStaging.java:118)
	at java.base/jdk.internal.reflect.NativeMethodAccessorImpl.invoke0(Native Method)
	at java.base/jdk.internal.reflect.NativeMethodAccessorImpl.invoke(NativeMethodAccessorImpl.java:77)
	at java.base/jdk.internal.reflect.DelegatingMethodAccessorImpl.invoke(DelegatingMethodAccessorImpl.java:43)
	at java.base/java.lang.reflect.Method.invoke(Method.java:568)
	at org.testng.internal.invokers.MethodInvocationHelper.invokeMethod(MethodInvocationHelper.java:139)
	at org.testng.internal.invokers.TestInvoker.invokeMethod(TestInvoker.java:664)
	at org.testng.internal.invokers.TestInvoker.invokeTestMethod(TestInvoker.java:227)
	at org.testng.internal.invokers.MethodRunner.runInSequence(MethodRunner.java:50)
	at org.testng.internal.invokers.TestInvoker$MethodInvocationAgent.invoke(TestInvoker.java:957)
	at org.testng.internal.invokers.TestInvoker.invokeTestMethods(TestInvoker.java:200)
	at org.testng.internal.invokers.TestMethodWorker.invokeTestMethods(TestMethodWorker.java:148)
	at org.testng.internal.invokers.TestMethodWorker.run(TestMethodWorker.java:128)
	at java.base/java.util.ArrayList.forEach(ArrayList.java:1511)
	at org.testng.TestRunner.privateRun(TestRunner.java:848)
	at org.testng.TestRunner.run(TestRunner.java:621)
	at org.testng.SuiteRunner.runTest(SuiteRunner.java:443)
	at org.testng.SuiteRunner.runSequentially(SuiteRunner.java:437)
	at org.testng.SuiteRunner.privateRun(SuiteRunner.java:397)
	at org.testng.SuiteRunner.run(SuiteRunner.java:336)
	at org.testng.SuiteRunnerWorker.runSuite(SuiteRunnerWorker.java:52)
	at org.testng.SuiteRunnerWorker.run(SuiteRunnerWorker.java:95)
	at org.testng.TestNG.runSuitesSequentially(TestNG.java:1280)
	at org.testng.TestNG.runSuitesLocally(TestNG.java:1200)
	at org.testng.TestNG.runSuites(TestNG.java:1114)
	at org.testng.TestNG.run(TestNG.java:1082)
	at org.testng.remote.AbstractRemoteTestNG.run(AbstractRemoteTestNG.java:115)
	at org.testng.remote.RemoteTestNG.initAndRun(RemoteTestNG.java:251)
	at org.testng.remote.RemoteTestNG.main(RemoteTestNG.java:77)
</pre></div></td>
<td>87</td>
<td>testcases.TC014_KIAConnectSubscriptionStaging@4f4c4b1a</td></tr>
<tr>
<td title='testcases.TC014_KIAConnectSubscriptionStaging.verifyUpgradeMonthlySubscriptionPlusToUltimatePackage()'><b>verifyUpgradeMonthlySubscriptionPlusToUltimatePackage</b><br>Test class: testcases.TC014_KIAConnectSubscriptionStaging<br>Parameters: testdummy900@mailinator.com, Password1, EV6, Subscription</td>
<td><div><pre>java.lang.RuntimeException: FAILED
	at utils.Reporter.reportStep(Reporter.java:37)
	at utils.Reporter.reportStep(Reporter.java:47)
	at wrappers.GenericWrappers.isElementPresent(GenericWrappers.java:1021)
	at wrappers.GenericWrappers.scrollToElement(GenericWrappers.java:1051)
	at pages.P12_KIAConnectSubscription.verifyUpgradeMonthlySubscriptionPlusToUltimatePackage(P12_KIAConnectSubscription.java:505)
	at testcases.TC014_KIAConnectSubscriptionStaging.verifyUpgradeMonthlySubscriptionPlusToUltimatePackage(TC014_KIAConnectSubscriptionStaging.java:154)
	at java.base/java.util.ArrayList.forEach(ArrayList.java:1511)
... Removed 27 stack frames</pre></div><a href='#' onClick='toggleBox("stack-trace186678061", this, "Click to show all stack frames", "Click to hide stack frames")'>Click to show all stack frames</a>
<div class='stack-trace' id='stack-trace186678061'><pre>java.lang.RuntimeException: FAILED
	at utils.Reporter.reportStep(Reporter.java:37)
	at utils.Reporter.reportStep(Reporter.java:47)
	at wrappers.GenericWrappers.isElementPresent(GenericWrappers.java:1021)
	at wrappers.GenericWrappers.scrollToElement(GenericWrappers.java:1051)
	at pages.P12_KIAConnectSubscription.verifyUpgradeMonthlySubscriptionPlusToUltimatePackage(P12_KIAConnectSubscription.java:505)
	at testcases.TC014_KIAConnectSubscriptionStaging.verifyUpgradeMonthlySubscriptionPlusToUltimatePackage(TC014_KIAConnectSubscriptionStaging.java:154)
	at java.base/jdk.internal.reflect.NativeMethodAccessorImpl.invoke0(Native Method)
	at java.base/jdk.internal.reflect.NativeMethodAccessorImpl.invoke(NativeMethodAccessorImpl.java:77)
	at java.base/jdk.internal.reflect.DelegatingMethodAccessorImpl.invoke(DelegatingMethodAccessorImpl.java:43)
	at java.base/java.lang.reflect.Method.invoke(Method.java:568)
	at org.testng.internal.invokers.MethodInvocationHelper.invokeMethod(MethodInvocationHelper.java:139)
	at org.testng.internal.invokers.TestInvoker.invokeMethod(TestInvoker.java:664)
	at org.testng.internal.invokers.TestInvoker.invokeTestMethod(TestInvoker.java:227)
	at org.testng.internal.invokers.MethodRunner.runInSequence(MethodRunner.java:50)
	at org.testng.internal.invokers.TestInvoker$MethodInvocationAgent.invoke(TestInvoker.java:957)
	at org.testng.internal.invokers.TestInvoker.invokeTestMethods(TestInvoker.java:200)
	at org.testng.internal.invokers.TestMethodWorker.invokeTestMethods(TestMethodWorker.java:148)
	at org.testng.internal.invokers.TestMethodWorker.run(TestMethodWorker.java:128)
	at java.base/java.util.ArrayList.forEach(ArrayList.java:1511)
	at org.testng.TestRunner.privateRun(TestRunner.java:848)
	at org.testng.TestRunner.run(TestRunner.java:621)
	at org.testng.SuiteRunner.runTest(SuiteRunner.java:443)
	at org.testng.SuiteRunner.runSequentially(SuiteRunner.java:437)
	at org.testng.SuiteRunner.privateRun(SuiteRunner.java:397)
	at org.testng.SuiteRunner.run(SuiteRunner.java:336)
	at org.testng.SuiteRunnerWorker.runSuite(SuiteRunnerWorker.java:52)
	at org.testng.SuiteRunnerWorker.run(SuiteRunnerWorker.java:95)
	at org.testng.TestNG.runSuitesSequentially(TestNG.java:1280)
	at org.testng.TestNG.runSuitesLocally(TestNG.java:1200)
	at org.testng.TestNG.runSuites(TestNG.java:1114)
	at org.testng.TestNG.run(TestNG.java:1082)
	at org.testng.remote.AbstractRemoteTestNG.run(AbstractRemoteTestNG.java:115)
	at org.testng.remote.RemoteTestNG.initAndRun(RemoteTestNG.java:251)
	at org.testng.remote.RemoteTestNG.main(RemoteTestNG.java:77)
</pre></div></td>
<td>74</td>
<td>testcases.TC014_KIAConnectSubscriptionStaging@4f4c4b1a</td></tr>
<tr>
<td title='testcases.TC014_KIAConnectSubscriptionStaging.verifyDowndgradeMonthlySubscriptionPlusToCarePackage()'><b>verifyDowndgradeMonthlySubscriptionPlusToCarePackage</b><br>Test class: testcases.TC014_KIAConnectSubscriptionStaging<br>Parameters: testdummy900@mailinator.com, Password1, EV6, Subscription</td>
<td><div><pre>java.lang.RuntimeException: FAILED
	at utils.Reporter.reportStep(Reporter.java:37)
	at utils.Reporter.reportStep(Reporter.java:47)
	at wrappers.GenericWrappers.isElementPresent(GenericWrappers.java:1021)
	at wrappers.GenericWrappers.scrollToElement(GenericWrappers.java:1051)
	at pages.P12_KIAConnectSubscription.verifyDowndgradeMonthlySubscriptionPlusToCarePackage(P12_KIAConnectSubscription.java:1341)
	at testcases.TC014_KIAConnectSubscriptionStaging.verifyDowndgradeMonthlySubscriptionPlusToCarePackage(TC014_KIAConnectSubscriptionStaging.java:411)
	at java.base/java.util.ArrayList.forEach(ArrayList.java:1511)
... Removed 27 stack frames</pre></div><a href='#' onClick='toggleBox("stack-trace319750178", this, "Click to show all stack frames", "Click to hide stack frames")'>Click to show all stack frames</a>
<div class='stack-trace' id='stack-trace319750178'><pre>java.lang.RuntimeException: FAILED
	at utils.Reporter.reportStep(Reporter.java:37)
	at utils.Reporter.reportStep(Reporter.java:47)
	at wrappers.GenericWrappers.isElementPresent(GenericWrappers.java:1021)
	at wrappers.GenericWrappers.scrollToElement(GenericWrappers.java:1051)
	at pages.P12_KIAConnectSubscription.verifyDowndgradeMonthlySubscriptionPlusToCarePackage(P12_KIAConnectSubscription.java:1341)
	at testcases.TC014_KIAConnectSubscriptionStaging.verifyDowndgradeMonthlySubscriptionPlusToCarePackage(TC014_KIAConnectSubscriptionStaging.java:411)
	at java.base/jdk.internal.reflect.NativeMethodAccessorImpl.invoke0(Native Method)
	at java.base/jdk.internal.reflect.NativeMethodAccessorImpl.invoke(NativeMethodAccessorImpl.java:77)
	at java.base/jdk.internal.reflect.DelegatingMethodAccessorImpl.invoke(DelegatingMethodAccessorImpl.java:43)
	at java.base/java.lang.reflect.Method.invoke(Method.java:568)
	at org.testng.internal.invokers.MethodInvocationHelper.invokeMethod(MethodInvocationHelper.java:139)
	at org.testng.internal.invokers.TestInvoker.invokeMethod(TestInvoker.java:664)
	at org.testng.internal.invokers.TestInvoker.invokeTestMethod(TestInvoker.java:227)
	at org.testng.internal.invokers.MethodRunner.runInSequence(MethodRunner.java:50)
	at org.testng.internal.invokers.TestInvoker$MethodInvocationAgent.invoke(TestInvoker.java:957)
	at org.testng.internal.invokers.TestInvoker.invokeTestMethods(TestInvoker.java:200)
	at org.testng.internal.invokers.TestMethodWorker.invokeTestMethods(TestMethodWorker.java:148)
	at org.testng.internal.invokers.TestMethodWorker.run(TestMethodWorker.java:128)
	at java.base/java.util.ArrayList.forEach(ArrayList.java:1511)
	at org.testng.TestRunner.privateRun(TestRunner.java:848)
	at org.testng.TestRunner.run(TestRunner.java:621)
	at org.testng.SuiteRunner.runTest(SuiteRunner.java:443)
	at org.testng.SuiteRunner.runSequentially(SuiteRunner.java:437)
	at org.testng.SuiteRunner.privateRun(SuiteRunner.java:397)
	at org.testng.SuiteRunner.run(SuiteRunner.java:336)
	at org.testng.SuiteRunnerWorker.runSuite(SuiteRunnerWorker.java:52)
	at org.testng.SuiteRunnerWorker.run(SuiteRunnerWorker.java:95)
	at org.testng.TestNG.runSuitesSequentially(TestNG.java:1280)
	at org.testng.TestNG.runSuitesLocally(TestNG.java:1200)
	at org.testng.TestNG.runSuites(TestNG.java:1114)
	at org.testng.TestNG.run(TestNG.java:1082)
	at org.testng.remote.AbstractRemoteTestNG.run(AbstractRemoteTestNG.java:115)
	at org.testng.remote.RemoteTestNG.initAndRun(RemoteTestNG.java:251)
	at org.testng.remote.RemoteTestNG.main(RemoteTestNG.java:77)
</pre></div></td>
<td>78</td>
<td>testcases.TC014_KIAConnectSubscriptionStaging@4f4c4b1a</td></tr>
<tr>
<td title='testcases.TC014_KIAConnectSubscriptionStaging.verifyUpgradeMonthlySubscriptionLiteToUltimatePackage()'><b>verifyUpgradeMonthlySubscriptionLiteToUltimatePackage</b><br>Test class: testcases.TC014_KIAConnectSubscriptionStaging<br>Parameters: testdummy900@mailinator.com, Password1, EV6, Subscription</td>
<td><div><pre>java.lang.RuntimeException: FAILED
	at utils.Reporter.reportStep(Reporter.java:37)
	at utils.Reporter.reportStep(Reporter.java:47)
	at wrappers.GenericWrappers.isElementPresent(GenericWrappers.java:1021)
	at wrappers.GenericWrappers.scrollToElement(GenericWrappers.java:1051)
	at pages.P12_KIAConnectSubscription.verifyUpgradeMonthlySubscriptionLiteToUltimatePackage(P12_KIAConnectSubscription.java:786)
	at testcases.TC014_KIAConnectSubscriptionStaging.verifyUpgradeMonthlySubscriptionLiteToUltimatePackage(TC014_KIAConnectSubscriptionStaging.java:251)
	at java.base/java.util.ArrayList.forEach(ArrayList.java:1511)
... Removed 27 stack frames</pre></div><a href='#' onClick='toggleBox("stack-trace1439152361", this, "Click to show all stack frames", "Click to hide stack frames")'>Click to show all stack frames</a>
<div class='stack-trace' id='stack-trace1439152361'><pre>java.lang.RuntimeException: FAILED
	at utils.Reporter.reportStep(Reporter.java:37)
	at utils.Reporter.reportStep(Reporter.java:47)
	at wrappers.GenericWrappers.isElementPresent(GenericWrappers.java:1021)
	at wrappers.GenericWrappers.scrollToElement(GenericWrappers.java:1051)
	at pages.P12_KIAConnectSubscription.verifyUpgradeMonthlySubscriptionLiteToUltimatePackage(P12_KIAConnectSubscription.java:786)
	at testcases.TC014_KIAConnectSubscriptionStaging.verifyUpgradeMonthlySubscriptionLiteToUltimatePackage(TC014_KIAConnectSubscriptionStaging.java:251)
	at java.base/jdk.internal.reflect.NativeMethodAccessorImpl.invoke0(Native Method)
	at java.base/jdk.internal.reflect.NativeMethodAccessorImpl.invoke(NativeMethodAccessorImpl.java:77)
	at java.base/jdk.internal.reflect.DelegatingMethodAccessorImpl.invoke(DelegatingMethodAccessorImpl.java:43)
	at java.base/java.lang.reflect.Method.invoke(Method.java:568)
	at org.testng.internal.invokers.MethodInvocationHelper.invokeMethod(MethodInvocationHelper.java:139)
	at org.testng.internal.invokers.TestInvoker.invokeMethod(TestInvoker.java:664)
	at org.testng.internal.invokers.TestInvoker.invokeTestMethod(TestInvoker.java:227)
	at org.testng.internal.invokers.MethodRunner.runInSequence(MethodRunner.java:50)
	at org.testng.internal.invokers.TestInvoker$MethodInvocationAgent.invoke(TestInvoker.java:957)
	at org.testng.internal.invokers.TestInvoker.invokeTestMethods(TestInvoker.java:200)
	at org.testng.internal.invokers.TestMethodWorker.invokeTestMethods(TestMethodWorker.java:148)
	at org.testng.internal.invokers.TestMethodWorker.run(TestMethodWorker.java:128)
	at java.base/java.util.ArrayList.forEach(ArrayList.java:1511)
	at org.testng.TestRunner.privateRun(TestRunner.java:848)
	at org.testng.TestRunner.run(TestRunner.java:621)
	at org.testng.SuiteRunner.runTest(SuiteRunner.java:443)
	at org.testng.SuiteRunner.runSequentially(SuiteRunner.java:437)
	at org.testng.SuiteRunner.privateRun(SuiteRunner.java:397)
	at org.testng.SuiteRunner.run(SuiteRunner.java:336)
	at org.testng.SuiteRunnerWorker.runSuite(SuiteRunnerWorker.java:52)
	at org.testng.SuiteRunnerWorker.run(SuiteRunnerWorker.java:95)
	at org.testng.TestNG.runSuitesSequentially(TestNG.java:1280)
	at org.testng.TestNG.runSuitesLocally(TestNG.java:1200)
	at org.testng.TestNG.runSuites(TestNG.java:1114)
	at org.testng.TestNG.run(TestNG.java:1082)
	at org.testng.remote.AbstractRemoteTestNG.run(AbstractRemoteTestNG.java:115)
	at org.testng.remote.RemoteTestNG.initAndRun(RemoteTestNG.java:251)
	at org.testng.remote.RemoteTestNG.main(RemoteTestNG.java:77)
</pre></div></td>
<td>194</td>
<td>testcases.TC014_KIAConnectSubscriptionStaging@4f4c4b1a</td></tr>
<tr>
<td title='testcases.TC014_KIAConnectSubscriptionStaging.verifyUpgradeAnnualSubscriptionLiteToPlusPackage()'><b>verifyUpgradeAnnualSubscriptionLiteToPlusPackage</b><br>Test class: testcases.TC014_KIAConnectSubscriptionStaging<br>Parameters: testdummy900@mailinator.com, Password1, EV6, Subscription</td>
<td><div><pre>java.lang.RuntimeException: FAILED
	at utils.Reporter.reportStep(Reporter.java:37)
	at utils.Reporter.reportStep(Reporter.java:47)
	at wrappers.GenericWrappers.clickByXpath(GenericWrappers.java:504)
	at pages.P12_KIAConnectSubscription.cancelThePackageForAnnualSubcription(P12_KIAConnectSubscription.java:743)
	at pages.P12_KIAConnectSubscription.verifyUpgradeAnnualSubscriptionLiteToPlusPackage(P12_KIAConnectSubscription.java:866)
	at testcases.TC014_KIAConnectSubscriptionStaging.verifyUpgradeAnnualSubscriptionLiteToPlusPackage(TC014_KIAConnectSubscriptionStaging.java:267)
	at java.base/java.util.ArrayList.forEach(ArrayList.java:1511)
... Removed 27 stack frames</pre></div><a href='#' onClick='toggleBox("stack-trace1060684118", this, "Click to show all stack frames", "Click to hide stack frames")'>Click to show all stack frames</a>
<div class='stack-trace' id='stack-trace1060684118'><pre>java.lang.RuntimeException: FAILED
	at utils.Reporter.reportStep(Reporter.java:37)
	at utils.Reporter.reportStep(Reporter.java:47)
	at wrappers.GenericWrappers.clickByXpath(GenericWrappers.java:504)
	at pages.P12_KIAConnectSubscription.cancelThePackageForAnnualSubcription(P12_KIAConnectSubscription.java:743)
	at pages.P12_KIAConnectSubscription.verifyUpgradeAnnualSubscriptionLiteToPlusPackage(P12_KIAConnectSubscription.java:866)
	at testcases.TC014_KIAConnectSubscriptionStaging.verifyUpgradeAnnualSubscriptionLiteToPlusPackage(TC014_KIAConnectSubscriptionStaging.java:267)
	at java.base/jdk.internal.reflect.NativeMethodAccessorImpl.invoke0(Native Method)
	at java.base/jdk.internal.reflect.NativeMethodAccessorImpl.invoke(NativeMethodAccessorImpl.java:77)
	at java.base/jdk.internal.reflect.DelegatingMethodAccessorImpl.invoke(DelegatingMethodAccessorImpl.java:43)
	at java.base/java.lang.reflect.Method.invoke(Method.java:568)
	at org.testng.internal.invokers.MethodInvocationHelper.invokeMethod(MethodInvocationHelper.java:139)
	at org.testng.internal.invokers.TestInvoker.invokeMethod(TestInvoker.java:664)
	at org.testng.internal.invokers.TestInvoker.invokeTestMethod(TestInvoker.java:227)
	at org.testng.internal.invokers.MethodRunner.runInSequence(MethodRunner.java:50)
	at org.testng.internal.invokers.TestInvoker$MethodInvocationAgent.invoke(TestInvoker.java:957)
	at org.testng.internal.invokers.TestInvoker.invokeTestMethods(TestInvoker.java:200)
	at org.testng.internal.invokers.TestMethodWorker.invokeTestMethods(TestMethodWorker.java:148)
	at org.testng.internal.invokers.TestMethodWorker.run(TestMethodWorker.java:128)
	at java.base/java.util.ArrayList.forEach(ArrayList.java:1511)
	at org.testng.TestRunner.privateRun(TestRunner.java:848)
	at org.testng.TestRunner.run(TestRunner.java:621)
	at org.testng.SuiteRunner.runTest(SuiteRunner.java:443)
	at org.testng.SuiteRunner.runSequentially(SuiteRunner.java:437)
	at org.testng.SuiteRunner.privateRun(SuiteRunner.java:397)
	at org.testng.SuiteRunner.run(SuiteRunner.java:336)
	at org.testng.SuiteRunnerWorker.runSuite(SuiteRunnerWorker.java:52)
	at org.testng.SuiteRunnerWorker.run(SuiteRunnerWorker.java:95)
	at org.testng.TestNG.runSuitesSequentially(TestNG.java:1280)
	at org.testng.TestNG.runSuitesLocally(TestNG.java:1200)
	at org.testng.TestNG.runSuites(TestNG.java:1114)
	at org.testng.TestNG.run(TestNG.java:1082)
	at org.testng.remote.AbstractRemoteTestNG.run(AbstractRemoteTestNG.java:115)
	at org.testng.remote.RemoteTestNG.initAndRun(RemoteTestNG.java:251)
	at org.testng.remote.RemoteTestNG.main(RemoteTestNG.java:77)
</pre></div></td>
<td>69</td>
<td>testcases.TC014_KIAConnectSubscriptionStaging@4f4c4b1a</td></tr>
<tr>
<td title='testcases.TC014_KIAConnectSubscriptionStaging.verifyDowngradeMonthlySubscriptionToCarePackage()'><b>verifyDowngradeMonthlySubscriptionToCarePackage</b><br>Test class: testcases.TC014_KIAConnectSubscriptionStaging<br>Parameters: testdummy900@mailinator.com, Password1, EV6, Subscription</td>
<td><div><pre>java.lang.RuntimeException: FAILED
	at utils.Reporter.reportStep(Reporter.java:37)
	at utils.Reporter.reportStep(Reporter.java:47)
	at wrappers.GenericWrappers.clickByXpath(GenericWrappers.java:504)
	at pages.P12_KIAConnectSubscription.verifyDowngradeMonthlySubscriptionToCarePackage(P12_KIAConnectSubscription.java:177)
	at testcases.TC014_KIAConnectSubscriptionStaging.verifyDowngradeMonthlySubscriptionToCarePackage(TC014_KIAConnectSubscriptionStaging.java:46)
	at java.base/java.util.ArrayList.forEach(ArrayList.java:1511)
... Removed 27 stack frames</pre></div><a href='#' onClick='toggleBox("stack-trace1356849039", this, "Click to show all stack frames", "Click to hide stack frames")'>Click to show all stack frames</a>
<div class='stack-trace' id='stack-trace1356849039'><pre>java.lang.RuntimeException: FAILED
	at utils.Reporter.reportStep(Reporter.java:37)
	at utils.Reporter.reportStep(Reporter.java:47)
	at wrappers.GenericWrappers.clickByXpath(GenericWrappers.java:504)
	at pages.P12_KIAConnectSubscription.verifyDowngradeMonthlySubscriptionToCarePackage(P12_KIAConnectSubscription.java:177)
	at testcases.TC014_KIAConnectSubscriptionStaging.verifyDowngradeMonthlySubscriptionToCarePackage(TC014_KIAConnectSubscriptionStaging.java:46)
	at java.base/jdk.internal.reflect.NativeMethodAccessorImpl.invoke0(Native Method)
	at java.base/jdk.internal.reflect.NativeMethodAccessorImpl.invoke(NativeMethodAccessorImpl.java:77)
	at java.base/jdk.internal.reflect.DelegatingMethodAccessorImpl.invoke(DelegatingMethodAccessorImpl.java:43)
	at java.base/java.lang.reflect.Method.invoke(Method.java:568)
	at org.testng.internal.invokers.MethodInvocationHelper.invokeMethod(MethodInvocationHelper.java:139)
	at org.testng.internal.invokers.TestInvoker.invokeMethod(TestInvoker.java:664)
	at org.testng.internal.invokers.TestInvoker.invokeTestMethod(TestInvoker.java:227)
	at org.testng.internal.invokers.MethodRunner.runInSequence(MethodRunner.java:50)
	at org.testng.internal.invokers.TestInvoker$MethodInvocationAgent.invoke(TestInvoker.java:957)
	at org.testng.internal.invokers.TestInvoker.invokeTestMethods(TestInvoker.java:200)
	at org.testng.internal.invokers.TestMethodWorker.invokeTestMethods(TestMethodWorker.java:148)
	at org.testng.internal.invokers.TestMethodWorker.run(TestMethodWorker.java:128)
	at java.base/java.util.ArrayList.forEach(ArrayList.java:1511)
	at org.testng.TestRunner.privateRun(TestRunner.java:848)
	at org.testng.TestRunner.run(TestRunner.java:621)
	at org.testng.SuiteRunner.runTest(SuiteRunner.java:443)
	at org.testng.SuiteRunner.runSequentially(SuiteRunner.java:437)
	at org.testng.SuiteRunner.privateRun(SuiteRunner.java:397)
	at org.testng.SuiteRunner.run(SuiteRunner.java:336)
	at org.testng.SuiteRunnerWorker.runSuite(SuiteRunnerWorker.java:52)
	at org.testng.SuiteRunnerWorker.run(SuiteRunnerWorker.java:95)
	at org.testng.TestNG.runSuitesSequentially(TestNG.java:1280)
	at org.testng.TestNG.runSuitesLocally(TestNG.java:1200)
	at org.testng.TestNG.runSuites(TestNG.java:1114)
	at org.testng.TestNG.run(TestNG.java:1082)
	at org.testng.remote.AbstractRemoteTestNG.run(AbstractRemoteTestNG.java:115)
	at org.testng.remote.RemoteTestNG.initAndRun(RemoteTestNG.java:251)
	at org.testng.remote.RemoteTestNG.main(RemoteTestNG.java:77)
</pre></div></td>
<td>71</td>
<td>testcases.TC014_KIAConnectSubscriptionStaging@4f4c4b1a</td></tr>
<tr>
<td title='testcases.TC014_KIAConnectSubscriptionStaging.cancelTheAnnualUltimatePackage()'><b>cancelTheAnnualUltimatePackage</b><br>Test class: testcases.TC014_KIAConnectSubscriptionStaging<br>Parameters: testdummy900@mailinator.com, Password1, EV6, Subscription</td>
<td><div><pre>java.lang.RuntimeException: FAILED
	at utils.Reporter.reportStep(Reporter.java:37)
	at utils.Reporter.reportStep(Reporter.java:47)
	at wrappers.GenericWrappers.isElementPresent(GenericWrappers.java:1021)
	at wrappers.GenericWrappers.scrollToElement(GenericWrappers.java:1051)
	at pages.P12_KIAConnectSubscription.verifyUpgradeAnnualSubscriptionPlusToUltimatePackage(P12_KIAConnectSubscription.java:710)
	at pages.P12_KIAConnectSubscription.cancelTheAnnualUltimatePackage(P12_KIAConnectSubscription.java:1436)
	at testcases.TC014_KIAConnectSubscriptionStaging.cancelTheAnnualUltimatePackage(TC014_KIAConnectSubscriptionStaging.java:475)
	at java.base/java.util.ArrayList.forEach(ArrayList.java:1511)
... Removed 27 stack frames</pre></div><a href='#' onClick='toggleBox("stack-trace1265562238", this, "Click to show all stack frames", "Click to hide stack frames")'>Click to show all stack frames</a>
<div class='stack-trace' id='stack-trace1265562238'><pre>java.lang.RuntimeException: FAILED
	at utils.Reporter.reportStep(Reporter.java:37)
	at utils.Reporter.reportStep(Reporter.java:47)
	at wrappers.GenericWrappers.isElementPresent(GenericWrappers.java:1021)
	at wrappers.GenericWrappers.scrollToElement(GenericWrappers.java:1051)
	at pages.P12_KIAConnectSubscription.verifyUpgradeAnnualSubscriptionPlusToUltimatePackage(P12_KIAConnectSubscription.java:710)
	at pages.P12_KIAConnectSubscription.cancelTheAnnualUltimatePackage(P12_KIAConnectSubscription.java:1436)
	at testcases.TC014_KIAConnectSubscriptionStaging.cancelTheAnnualUltimatePackage(TC014_KIAConnectSubscriptionStaging.java:475)
	at java.base/jdk.internal.reflect.NativeMethodAccessorImpl.invoke0(Native Method)
	at java.base/jdk.internal.reflect.NativeMethodAccessorImpl.invoke(NativeMethodAccessorImpl.java:77)
	at java.base/jdk.internal.reflect.DelegatingMethodAccessorImpl.invoke(DelegatingMethodAccessorImpl.java:43)
	at java.base/java.lang.reflect.Method.invoke(Method.java:568)
	at org.testng.internal.invokers.MethodInvocationHelper.invokeMethod(MethodInvocationHelper.java:139)
	at org.testng.internal.invokers.TestInvoker.invokeMethod(TestInvoker.java:664)
	at org.testng.internal.invokers.TestInvoker.invokeTestMethod(TestInvoker.java:227)
	at org.testng.internal.invokers.MethodRunner.runInSequence(MethodRunner.java:50)
	at org.testng.internal.invokers.TestInvoker$MethodInvocationAgent.invoke(TestInvoker.java:957)
	at org.testng.internal.invokers.TestInvoker.invokeTestMethods(TestInvoker.java:200)
	at org.testng.internal.invokers.TestMethodWorker.invokeTestMethods(TestMethodWorker.java:148)
	at org.testng.internal.invokers.TestMethodWorker.run(TestMethodWorker.java:128)
	at java.base/java.util.ArrayList.forEach(ArrayList.java:1511)
	at org.testng.TestRunner.privateRun(TestRunner.java:848)
	at org.testng.TestRunner.run(TestRunner.java:621)
	at org.testng.SuiteRunner.runTest(SuiteRunner.java:443)
	at org.testng.SuiteRunner.runSequentially(SuiteRunner.java:437)
	at org.testng.SuiteRunner.privateRun(SuiteRunner.java:397)
	at org.testng.SuiteRunner.run(SuiteRunner.java:336)
	at org.testng.SuiteRunnerWorker.runSuite(SuiteRunnerWorker.java:52)
	at org.testng.SuiteRunnerWorker.run(SuiteRunnerWorker.java:95)
	at org.testng.TestNG.runSuitesSequentially(TestNG.java:1280)
	at org.testng.TestNG.runSuitesLocally(TestNG.java:1200)
	at org.testng.TestNG.runSuites(TestNG.java:1114)
	at org.testng.TestNG.run(TestNG.java:1082)
	at org.testng.remote.AbstractRemoteTestNG.run(AbstractRemoteTestNG.java:115)
	at org.testng.remote.RemoteTestNG.initAndRun(RemoteTestNG.java:251)
	at org.testng.remote.RemoteTestNG.main(RemoteTestNG.java:77)
</pre></div></td>
<td>79</td>
<td>testcases.TC014_KIAConnectSubscriptionStaging@4f4c4b1a</td></tr>
<tr>
<td title='testcases.TC014_KIAConnectSubscriptionStaging.verifyDowngradeAnnualSubscriptionUltimateToMonthlyPlusPackage()'><b>verifyDowngradeAnnualSubscriptionUltimateToMonthlyPlusPackage</b><br>Test class: testcases.TC014_KIAConnectSubscriptionStaging<br>Parameters: testdummy900@mailinator.com, Password1, EV6, Subscription</td>
<td><div><pre>java.lang.RuntimeException: FAILED
	at utils.Reporter.reportStep(Reporter.java:37)
	at utils.Reporter.reportStep(Reporter.java:47)
	at wrappers.GenericWrappers.waitUntilElementVisisble(GenericWrappers.java:183)
	at pages.P12_KIAConnectSubscription.verifyDowngradeAnnualSubscriptionUltimateToMonthlyPlusPackage(P12_KIAConnectSubscription.java:971)
	at testcases.TC014_KIAConnectSubscriptionStaging.verifyDowngradeAnnualSubscriptionUltimateToMonthlyPlusPackage(TC014_KIAConnectSubscriptionStaging.java:299)
	at java.base/java.util.ArrayList.forEach(ArrayList.java:1511)
... Removed 27 stack frames</pre></div><a href='#' onClick='toggleBox("stack-trace2098506405", this, "Click to show all stack frames", "Click to hide stack frames")'>Click to show all stack frames</a>
<div class='stack-trace' id='stack-trace2098506405'><pre>java.lang.RuntimeException: FAILED
	at utils.Reporter.reportStep(Reporter.java:37)
	at utils.Reporter.reportStep(Reporter.java:47)
	at wrappers.GenericWrappers.waitUntilElementVisisble(GenericWrappers.java:183)
	at pages.P12_KIAConnectSubscription.verifyDowngradeAnnualSubscriptionUltimateToMonthlyPlusPackage(P12_KIAConnectSubscription.java:971)
	at testcases.TC014_KIAConnectSubscriptionStaging.verifyDowngradeAnnualSubscriptionUltimateToMonthlyPlusPackage(TC014_KIAConnectSubscriptionStaging.java:299)
	at java.base/jdk.internal.reflect.NativeMethodAccessorImpl.invoke0(Native Method)
	at java.base/jdk.internal.reflect.NativeMethodAccessorImpl.invoke(NativeMethodAccessorImpl.java:77)
	at java.base/jdk.internal.reflect.DelegatingMethodAccessorImpl.invoke(DelegatingMethodAccessorImpl.java:43)
	at java.base/java.lang.reflect.Method.invoke(Method.java:568)
	at org.testng.internal.invokers.MethodInvocationHelper.invokeMethod(MethodInvocationHelper.java:139)
	at org.testng.internal.invokers.TestInvoker.invokeMethod(TestInvoker.java:664)
	at org.testng.internal.invokers.TestInvoker.invokeTestMethod(TestInvoker.java:227)
	at org.testng.internal.invokers.MethodRunner.runInSequence(MethodRunner.java:50)
	at org.testng.internal.invokers.TestInvoker$MethodInvocationAgent.invoke(TestInvoker.java:957)
	at org.testng.internal.invokers.TestInvoker.invokeTestMethods(TestInvoker.java:200)
	at org.testng.internal.invokers.TestMethodWorker.invokeTestMethods(TestMethodWorker.java:148)
	at org.testng.internal.invokers.TestMethodWorker.run(TestMethodWorker.java:128)
	at java.base/java.util.ArrayList.forEach(ArrayList.java:1511)
	at org.testng.TestRunner.privateRun(TestRunner.java:848)
	at org.testng.TestRunner.run(TestRunner.java:621)
	at org.testng.SuiteRunner.runTest(SuiteRunner.java:443)
	at org.testng.SuiteRunner.runSequentially(SuiteRunner.java:437)
	at org.testng.SuiteRunner.privateRun(SuiteRunner.java:397)
	at org.testng.SuiteRunner.run(SuiteRunner.java:336)
	at org.testng.SuiteRunnerWorker.runSuite(SuiteRunnerWorker.java:52)
	at org.testng.SuiteRunnerWorker.run(SuiteRunnerWorker.java:95)
	at org.testng.TestNG.runSuitesSequentially(TestNG.java:1280)
	at org.testng.TestNG.runSuitesLocally(TestNG.java:1200)
	at org.testng.TestNG.runSuites(TestNG.java:1114)
	at org.testng.TestNG.run(TestNG.java:1082)
	at org.testng.remote.AbstractRemoteTestNG.run(AbstractRemoteTestNG.java:115)
	at org.testng.remote.RemoteTestNG.initAndRun(RemoteTestNG.java:251)
	at org.testng.remote.RemoteTestNG.main(RemoteTestNG.java:77)
</pre></div></td>
<td>164</td>
<td>testcases.TC014_KIAConnectSubscriptionStaging@4f4c4b1a</td></tr>
<tr>
<td title='testcases.TC014_KIAConnectSubscriptionStaging.verifyDowngradeMonthlySubscriptionPlusToCarePackage()'><b>verifyDowngradeMonthlySubscriptionPlusToCarePackage</b><br>Test class: testcases.TC014_KIAConnectSubscriptionStaging<br>Parameters: testdummy900@mailinator.com, Password1, EV6, Subscription</td>
<td><div><pre>java.lang.RuntimeException: FAILED
	at utils.Reporter.reportStep(Reporter.java:37)
	at utils.Reporter.reportStep(Reporter.java:47)
	at wrappers.GenericWrappers.waitUntilElementVisisble(GenericWrappers.java:183)
	at pages.P12_KIAConnectSubscription.verifyDowngradeMonthlySubscriptionPlusToCarePackage(P12_KIAConnectSubscription.java:1021)
	at testcases.TC014_KIAConnectSubscriptionStaging.verifyDowngradeMonthlySubscriptionPlusToCarePackage(TC014_KIAConnectSubscriptionStaging.java:315)
	at java.base/java.util.ArrayList.forEach(ArrayList.java:1511)
... Removed 27 stack frames</pre></div><a href='#' onClick='toggleBox("stack-trace593579859", this, "Click to show all stack frames", "Click to hide stack frames")'>Click to show all stack frames</a>
<div class='stack-trace' id='stack-trace593579859'><pre>java.lang.RuntimeException: FAILED
	at utils.Reporter.reportStep(Reporter.java:37)
	at utils.Reporter.reportStep(Reporter.java:47)
	at wrappers.GenericWrappers.waitUntilElementVisisble(GenericWrappers.java:183)
	at pages.P12_KIAConnectSubscription.verifyDowngradeMonthlySubscriptionPlusToCarePackage(P12_KIAConnectSubscription.java:1021)
	at testcases.TC014_KIAConnectSubscriptionStaging.verifyDowngradeMonthlySubscriptionPlusToCarePackage(TC014_KIAConnectSubscriptionStaging.java:315)
	at java.base/jdk.internal.reflect.NativeMethodAccessorImpl.invoke0(Native Method)
	at java.base/jdk.internal.reflect.NativeMethodAccessorImpl.invoke(NativeMethodAccessorImpl.java:77)
	at java.base/jdk.internal.reflect.DelegatingMethodAccessorImpl.invoke(DelegatingMethodAccessorImpl.java:43)
	at java.base/java.lang.reflect.Method.invoke(Method.java:568)
	at org.testng.internal.invokers.MethodInvocationHelper.invokeMethod(MethodInvocationHelper.java:139)
	at org.testng.internal.invokers.TestInvoker.invokeMethod(TestInvoker.java:664)
	at org.testng.internal.invokers.TestInvoker.invokeTestMethod(TestInvoker.java:227)
	at org.testng.internal.invokers.MethodRunner.runInSequence(MethodRunner.java:50)
	at org.testng.internal.invokers.TestInvoker$MethodInvocationAgent.invoke(TestInvoker.java:957)
	at org.testng.internal.invokers.TestInvoker.invokeTestMethods(TestInvoker.java:200)
	at org.testng.internal.invokers.TestMethodWorker.invokeTestMethods(TestMethodWorker.java:148)
	at org.testng.internal.invokers.TestMethodWorker.run(TestMethodWorker.java:128)
	at java.base/java.util.ArrayList.forEach(ArrayList.java:1511)
	at org.testng.TestRunner.privateRun(TestRunner.java:848)
	at org.testng.TestRunner.run(TestRunner.java:621)
	at org.testng.SuiteRunner.runTest(SuiteRunner.java:443)
	at org.testng.SuiteRunner.runSequentially(SuiteRunner.java:437)
	at org.testng.SuiteRunner.privateRun(SuiteRunner.java:397)
	at org.testng.SuiteRunner.run(SuiteRunner.java:336)
	at org.testng.SuiteRunnerWorker.runSuite(SuiteRunnerWorker.java:52)
	at org.testng.SuiteRunnerWorker.run(SuiteRunnerWorker.java:95)
	at org.testng.TestNG.runSuitesSequentially(TestNG.java:1280)
	at org.testng.TestNG.runSuitesLocally(TestNG.java:1200)
	at org.testng.TestNG.runSuites(TestNG.java:1114)
	at org.testng.TestNG.run(TestNG.java:1082)
	at org.testng.remote.AbstractRemoteTestNG.run(AbstractRemoteTestNG.java:115)
	at org.testng.remote.RemoteTestNG.initAndRun(RemoteTestNG.java:251)
	at org.testng.remote.RemoteTestNG.main(RemoteTestNG.java:77)
</pre></div></td>
<td>159</td>
<td>testcases.TC014_KIAConnectSubscriptionStaging@4f4c4b1a</td></tr>
<tr>
<td title='testcases.TC014_KIAConnectSubscriptionStaging.verifyUpgradeAnnualSubscriptionPlusToUltimatePackage()'><b>verifyUpgradeAnnualSubscriptionPlusToUltimatePackage</b><br>Test class: testcases.TC014_KIAConnectSubscriptionStaging<br>Parameters: testdummy900@mailinator.com, Password1, EV6, Subscription</td>
<td><div><pre>java.lang.RuntimeException: FAILED
	at utils.Reporter.reportStep(Reporter.java:37)
	at utils.Reporter.reportStep(Reporter.java:47)
	at wrappers.GenericWrappers.isElementPresent(GenericWrappers.java:1021)
	at wrappers.GenericWrappers.scrollToElement(GenericWrappers.java:1051)
	at pages.P12_KIAConnectSubscription.verifyUpgradeAnnualSubscriptionPlusToUltimatePackage(P12_KIAConnectSubscription.java:710)
	at testcases.TC014_KIAConnectSubscriptionStaging.verifyUpgradeAnnualSubscriptionPlusToUltimatePackage(TC014_KIAConnectSubscriptionStaging.java:202)
	at java.base/java.util.ArrayList.forEach(ArrayList.java:1511)
... Removed 27 stack frames</pre></div><a href='#' onClick='toggleBox("stack-trace1431767200", this, "Click to show all stack frames", "Click to hide stack frames")'>Click to show all stack frames</a>
<div class='stack-trace' id='stack-trace1431767200'><pre>java.lang.RuntimeException: FAILED
	at utils.Reporter.reportStep(Reporter.java:37)
	at utils.Reporter.reportStep(Reporter.java:47)
	at wrappers.GenericWrappers.isElementPresent(GenericWrappers.java:1021)
	at wrappers.GenericWrappers.scrollToElement(GenericWrappers.java:1051)
	at pages.P12_KIAConnectSubscription.verifyUpgradeAnnualSubscriptionPlusToUltimatePackage(P12_KIAConnectSubscription.java:710)
	at testcases.TC014_KIAConnectSubscriptionStaging.verifyUpgradeAnnualSubscriptionPlusToUltimatePackage(TC014_KIAConnectSubscriptionStaging.java:202)
	at java.base/jdk.internal.reflect.NativeMethodAccessorImpl.invoke0(Native Method)
	at java.base/jdk.internal.reflect.NativeMethodAccessorImpl.invoke(NativeMethodAccessorImpl.java:77)
	at java.base/jdk.internal.reflect.DelegatingMethodAccessorImpl.invoke(DelegatingMethodAccessorImpl.java:43)
	at java.base/java.lang.reflect.Method.invoke(Method.java:568)
	at org.testng.internal.invokers.MethodInvocationHelper.invokeMethod(MethodInvocationHelper.java:139)
	at org.testng.internal.invokers.TestInvoker.invokeMethod(TestInvoker.java:664)
	at org.testng.internal.invokers.TestInvoker.invokeTestMethod(TestInvoker.java:227)
	at org.testng.internal.invokers.MethodRunner.runInSequence(MethodRunner.java:50)
	at org.testng.internal.invokers.TestInvoker$MethodInvocationAgent.invoke(TestInvoker.java:957)
	at org.testng.internal.invokers.TestInvoker.invokeTestMethods(TestInvoker.java:200)
	at org.testng.internal.invokers.TestMethodWorker.invokeTestMethods(TestMethodWorker.java:148)
	at org.testng.internal.invokers.TestMethodWorker.run(TestMethodWorker.java:128)
	at java.base/java.util.ArrayList.forEach(ArrayList.java:1511)
	at org.testng.TestRunner.privateRun(TestRunner.java:848)
	at org.testng.TestRunner.run(TestRunner.java:621)
	at org.testng.SuiteRunner.runTest(SuiteRunner.java:443)
	at org.testng.SuiteRunner.runSequentially(SuiteRunner.java:437)
	at org.testng.SuiteRunner.privateRun(SuiteRunner.java:397)
	at org.testng.SuiteRunner.run(SuiteRunner.java:336)
	at org.testng.SuiteRunnerWorker.runSuite(SuiteRunnerWorker.java:52)
	at org.testng.SuiteRunnerWorker.run(SuiteRunnerWorker.java:95)
	at org.testng.TestNG.runSuitesSequentially(TestNG.java:1280)
	at org.testng.TestNG.runSuitesLocally(TestNG.java:1200)
	at org.testng.TestNG.runSuites(TestNG.java:1114)
	at org.testng.TestNG.run(TestNG.java:1082)
	at org.testng.remote.AbstractRemoteTestNG.run(AbstractRemoteTestNG.java:115)
	at org.testng.remote.RemoteTestNG.initAndRun(RemoteTestNG.java:251)
	at org.testng.remote.RemoteTestNG.main(RemoteTestNG.java:77)
</pre></div></td>
<td>70</td>
<td>testcases.TC014_KIAConnectSubscriptionStaging@4f4c4b1a</td></tr>
<tr>
<td title='testcases.TC014_KIAConnectSubscriptionStaging.verifyUpgradeAnnualSubscriptionCareToPlusPackage()'><b>verifyUpgradeAnnualSubscriptionCareToPlusPackage</b><br>Test class: testcases.TC014_KIAConnectSubscriptionStaging<br>Parameters: testdummy900@mailinator.com, Password1, EV6, Subscription</td>
<td><div><pre>java.lang.RuntimeException: FAILED
	at utils.Reporter.reportStep(Reporter.java:37)
	at utils.Reporter.reportStep(Reporter.java:47)
	at wrappers.GenericWrappers.isElementPresent(GenericWrappers.java:1021)
	at wrappers.GenericWrappers.scrollToElement(GenericWrappers.java:1051)
	at pages.P12_KIAConnectSubscription.verifyUpgradeAnnualSubscriptionCareToPlusPackage(P12_KIAConnectSubscription.java:658)
	at testcases.TC014_KIAConnectSubscriptionStaging.verifyUpgradeAnnualSubscriptionCareToPlusPackage(TC014_KIAConnectSubscriptionStaging.java:186)
	at java.base/java.util.ArrayList.forEach(ArrayList.java:1511)
... Removed 27 stack frames</pre></div><a href='#' onClick='toggleBox("stack-trace1830841114", this, "Click to show all stack frames", "Click to hide stack frames")'>Click to show all stack frames</a>
<div class='stack-trace' id='stack-trace1830841114'><pre>java.lang.RuntimeException: FAILED
	at utils.Reporter.reportStep(Reporter.java:37)
	at utils.Reporter.reportStep(Reporter.java:47)
	at wrappers.GenericWrappers.isElementPresent(GenericWrappers.java:1021)
	at wrappers.GenericWrappers.scrollToElement(GenericWrappers.java:1051)
	at pages.P12_KIAConnectSubscription.verifyUpgradeAnnualSubscriptionCareToPlusPackage(P12_KIAConnectSubscription.java:658)
	at testcases.TC014_KIAConnectSubscriptionStaging.verifyUpgradeAnnualSubscriptionCareToPlusPackage(TC014_KIAConnectSubscriptionStaging.java:186)
	at java.base/jdk.internal.reflect.NativeMethodAccessorImpl.invoke0(Native Method)
	at java.base/jdk.internal.reflect.NativeMethodAccessorImpl.invoke(NativeMethodAccessorImpl.java:77)
	at java.base/jdk.internal.reflect.DelegatingMethodAccessorImpl.invoke(DelegatingMethodAccessorImpl.java:43)
	at java.base/java.lang.reflect.Method.invoke(Method.java:568)
	at org.testng.internal.invokers.MethodInvocationHelper.invokeMethod(MethodInvocationHelper.java:139)
	at org.testng.internal.invokers.TestInvoker.invokeMethod(TestInvoker.java:664)
	at org.testng.internal.invokers.TestInvoker.invokeTestMethod(TestInvoker.java:227)
	at org.testng.internal.invokers.MethodRunner.runInSequence(MethodRunner.java:50)
	at org.testng.internal.invokers.TestInvoker$MethodInvocationAgent.invoke(TestInvoker.java:957)
	at org.testng.internal.invokers.TestInvoker.invokeTestMethods(TestInvoker.java:200)
	at org.testng.internal.invokers.TestMethodWorker.invokeTestMethods(TestMethodWorker.java:148)
	at org.testng.internal.invokers.TestMethodWorker.run(TestMethodWorker.java:128)
	at java.base/java.util.ArrayList.forEach(ArrayList.java:1511)
	at org.testng.TestRunner.privateRun(TestRunner.java:848)
	at org.testng.TestRunner.run(TestRunner.java:621)
	at org.testng.SuiteRunner.runTest(SuiteRunner.java:443)
	at org.testng.SuiteRunner.runSequentially(SuiteRunner.java:437)
	at org.testng.SuiteRunner.privateRun(SuiteRunner.java:397)
	at org.testng.SuiteRunner.run(SuiteRunner.java:336)
	at org.testng.SuiteRunnerWorker.runSuite(SuiteRunnerWorker.java:52)
	at org.testng.SuiteRunnerWorker.run(SuiteRunnerWorker.java:95)
	at org.testng.TestNG.runSuitesSequentially(TestNG.java:1280)
	at org.testng.TestNG.runSuitesLocally(TestNG.java:1200)
	at org.testng.TestNG.runSuites(TestNG.java:1114)
	at org.testng.TestNG.run(TestNG.java:1082)
	at org.testng.remote.AbstractRemoteTestNG.run(AbstractRemoteTestNG.java:115)
	at org.testng.remote.RemoteTestNG.initAndRun(RemoteTestNG.java:251)
	at org.testng.remote.RemoteTestNG.main(RemoteTestNG.java:77)
</pre></div></td>
<td>70</td>
<td>testcases.TC014_KIAConnectSubscriptionStaging@4f4c4b1a</td></tr>
<tr>
<td title='testcases.TC014_KIAConnectSubscriptionStaging.verifyUpgradeMonthlySubscriptionToPlusPackage()'><b>verifyUpgradeMonthlySubscriptionToPlusPackage</b><br>Test class: testcases.TC014_KIAConnectSubscriptionStaging<br>Parameters: testdummy900@mailinator.com, Password1, EV6, Subscription</td>
<td><div><pre>java.lang.RuntimeException: FAILED
	at utils.Reporter.reportStep(Reporter.java:37)
	at utils.Reporter.reportStep(Reporter.java:47)
	at wrappers.GenericWrappers.clickByXpath(GenericWrappers.java:504)
	at pages.P12_KIAConnectSubscription.verifyUpgradeMonthlySubscriptionToPlusPackage(P12_KIAConnectSubscription.java:126)
	at testcases.TC014_KIAConnectSubscriptionStaging.verifyUpgradeMonthlySubscriptionToPlusPackage(TC014_KIAConnectSubscriptionStaging.java:28)
	at java.base/java.util.ArrayList.forEach(ArrayList.java:1511)
... Removed 27 stack frames</pre></div><a href='#' onClick='toggleBox("stack-trace1710500968", this, "Click to show all stack frames", "Click to hide stack frames")'>Click to show all stack frames</a>
<div class='stack-trace' id='stack-trace1710500968'><pre>java.lang.RuntimeException: FAILED
	at utils.Reporter.reportStep(Reporter.java:37)
	at utils.Reporter.reportStep(Reporter.java:47)
	at wrappers.GenericWrappers.clickByXpath(GenericWrappers.java:504)
	at pages.P12_KIAConnectSubscription.verifyUpgradeMonthlySubscriptionToPlusPackage(P12_KIAConnectSubscription.java:126)
	at testcases.TC014_KIAConnectSubscriptionStaging.verifyUpgradeMonthlySubscriptionToPlusPackage(TC014_KIAConnectSubscriptionStaging.java:28)
	at java.base/jdk.internal.reflect.NativeMethodAccessorImpl.invoke0(Native Method)
	at java.base/jdk.internal.reflect.NativeMethodAccessorImpl.invoke(NativeMethodAccessorImpl.java:77)
	at java.base/jdk.internal.reflect.DelegatingMethodAccessorImpl.invoke(DelegatingMethodAccessorImpl.java:43)
	at java.base/java.lang.reflect.Method.invoke(Method.java:568)
	at org.testng.internal.invokers.MethodInvocationHelper.invokeMethod(MethodInvocationHelper.java:139)
	at org.testng.internal.invokers.TestInvoker.invokeMethod(TestInvoker.java:664)
	at org.testng.internal.invokers.TestInvoker.invokeTestMethod(TestInvoker.java:227)
	at org.testng.internal.invokers.MethodRunner.runInSequence(MethodRunner.java:50)
	at org.testng.internal.invokers.TestInvoker$MethodInvocationAgent.invoke(TestInvoker.java:957)
	at org.testng.internal.invokers.TestInvoker.invokeTestMethods(TestInvoker.java:200)
	at org.testng.internal.invokers.TestMethodWorker.invokeTestMethods(TestMethodWorker.java:148)
	at org.testng.internal.invokers.TestMethodWorker.run(TestMethodWorker.java:128)
	at java.base/java.util.ArrayList.forEach(ArrayList.java:1511)
	at org.testng.TestRunner.privateRun(TestRunner.java:848)
	at org.testng.TestRunner.run(TestRunner.java:621)
	at org.testng.SuiteRunner.runTest(SuiteRunner.java:443)
	at org.testng.SuiteRunner.runSequentially(SuiteRunner.java:437)
	at org.testng.SuiteRunner.privateRun(SuiteRunner.java:397)
	at org.testng.SuiteRunner.run(SuiteRunner.java:336)
	at org.testng.SuiteRunnerWorker.runSuite(SuiteRunnerWorker.java:52)
	at org.testng.SuiteRunnerWorker.run(SuiteRunnerWorker.java:95)
	at org.testng.TestNG.runSuitesSequentially(TestNG.java:1280)
	at org.testng.TestNG.runSuitesLocally(TestNG.java:1200)
	at org.testng.TestNG.runSuites(TestNG.java:1114)
	at org.testng.TestNG.run(TestNG.java:1082)
	at org.testng.remote.AbstractRemoteTestNG.run(AbstractRemoteTestNG.java:115)
	at org.testng.remote.RemoteTestNG.initAndRun(RemoteTestNG.java:251)
	at org.testng.remote.RemoteTestNG.main(RemoteTestNG.java:77)
</pre></div></td>
<td>66</td>
<td>testcases.TC014_KIAConnectSubscriptionStaging@4f4c4b1a</td></tr>
<tr>
<td title='testcases.TC014_KIAConnectSubscriptionStaging.verifyDowngradeAnnualSubscriptionToCarePackage()'><b>verifyDowngradeAnnualSubscriptionToCarePackage</b><br>Test class: testcases.TC014_KIAConnectSubscriptionStaging<br>Parameters: testdummy900@mailinator.com, Password1, EV6, Subscription</td>
<td><div><pre>java.lang.RuntimeException: FAILED
	at utils.Reporter.reportStep(Reporter.java:37)
	at utils.Reporter.reportStep(Reporter.java:47)
	at wrappers.GenericWrappers.isElementPresent(GenericWrappers.java:1021)
	at wrappers.GenericWrappers.scrollToElement(GenericWrappers.java:1051)
	at pages.P12_KIAConnectSubscription.verifyDowngradeAnnualSubscriptionToCarePackage(P12_KIAConnectSubscription.java:296)
	at testcases.TC014_KIAConnectSubscriptionStaging.verifyDowngradeAnnualSubscriptionToCarePackage(TC014_KIAConnectSubscriptionStaging.java:78)
	at java.base/java.util.ArrayList.forEach(ArrayList.java:1511)
... Removed 27 stack frames</pre></div><a href='#' onClick='toggleBox("stack-trace1058925921", this, "Click to show all stack frames", "Click to hide stack frames")'>Click to show all stack frames</a>
<div class='stack-trace' id='stack-trace1058925921'><pre>java.lang.RuntimeException: FAILED
	at utils.Reporter.reportStep(Reporter.java:37)
	at utils.Reporter.reportStep(Reporter.java:47)
	at wrappers.GenericWrappers.isElementPresent(GenericWrappers.java:1021)
	at wrappers.GenericWrappers.scrollToElement(GenericWrappers.java:1051)
	at pages.P12_KIAConnectSubscription.verifyDowngradeAnnualSubscriptionToCarePackage(P12_KIAConnectSubscription.java:296)
	at testcases.TC014_KIAConnectSubscriptionStaging.verifyDowngradeAnnualSubscriptionToCarePackage(TC014_KIAConnectSubscriptionStaging.java:78)
	at java.base/jdk.internal.reflect.NativeMethodAccessorImpl.invoke0(Native Method)
	at java.base/jdk.internal.reflect.NativeMethodAccessorImpl.invoke(NativeMethodAccessorImpl.java:77)
	at java.base/jdk.internal.reflect.DelegatingMethodAccessorImpl.invoke(DelegatingMethodAccessorImpl.java:43)
	at java.base/java.lang.reflect.Method.invoke(Method.java:568)
	at org.testng.internal.invokers.MethodInvocationHelper.invokeMethod(MethodInvocationHelper.java:139)
	at org.testng.internal.invokers.TestInvoker.invokeMethod(TestInvoker.java:664)
	at org.testng.internal.invokers.TestInvoker.invokeTestMethod(TestInvoker.java:227)
	at org.testng.internal.invokers.MethodRunner.runInSequence(MethodRunner.java:50)
	at org.testng.internal.invokers.TestInvoker$MethodInvocationAgent.invoke(TestInvoker.java:957)
	at org.testng.internal.invokers.TestInvoker.invokeTestMethods(TestInvoker.java:200)
	at org.testng.internal.invokers.TestMethodWorker.invokeTestMethods(TestMethodWorker.java:148)
	at org.testng.internal.invokers.TestMethodWorker.run(TestMethodWorker.java:128)
	at java.base/java.util.ArrayList.forEach(ArrayList.java:1511)
	at org.testng.TestRunner.privateRun(TestRunner.java:848)
	at org.testng.TestRunner.run(TestRunner.java:621)
	at org.testng.SuiteRunner.runTest(SuiteRunner.java:443)
	at org.testng.SuiteRunner.runSequentially(SuiteRunner.java:437)
	at org.testng.SuiteRunner.privateRun(SuiteRunner.java:397)
	at org.testng.SuiteRunner.run(SuiteRunner.java:336)
	at org.testng.SuiteRunnerWorker.runSuite(SuiteRunnerWorker.java:52)
	at org.testng.SuiteRunnerWorker.run(SuiteRunnerWorker.java:95)
	at org.testng.TestNG.runSuitesSequentially(TestNG.java:1280)
	at org.testng.TestNG.runSuitesLocally(TestNG.java:1200)
	at org.testng.TestNG.runSuites(TestNG.java:1114)
	at org.testng.TestNG.run(TestNG.java:1082)
	at org.testng.remote.AbstractRemoteTestNG.run(AbstractRemoteTestNG.java:115)
	at org.testng.remote.RemoteTestNG.initAndRun(RemoteTestNG.java:251)
	at org.testng.remote.RemoteTestNG.main(RemoteTestNG.java:77)
</pre></div></td>
<td>69</td>
<td>testcases.TC014_KIAConnectSubscriptionStaging@4f4c4b1a</td></tr>
<tr>
<td title='testcases.TC014_KIAConnectSubscriptionStaging.cancelTheUltimateMonthlySubcription()'><b>cancelTheUltimateMonthlySubcription</b><br>Test class: testcases.TC014_KIAConnectSubscriptionStaging<br>Parameters: testdummy900@mailinator.com, Password1, EV6, Subscription</td>
<td><div><pre>java.lang.RuntimeException: FAILED
	at utils.Reporter.reportStep(Reporter.java:37)
	at utils.Reporter.reportStep(Reporter.java:47)
	at wrappers.GenericWrappers.isElementPresent(GenericWrappers.java:1021)
	at wrappers.GenericWrappers.scrollToElement(GenericWrappers.java:1051)
	at pages.P12_KIAConnectSubscription.verifyUpgradeMonthlySubscriptionPlusToUltimatePackage(P12_KIAConnectSubscription.java:505)
	at pages.P12_KIAConnectSubscription.cancelTheUltimateMonthlySubcription(P12_KIAConnectSubscription.java:1392)
	at testcases.TC014_KIAConnectSubscriptionStaging.cancelTheUltimateMonthlySubcription(TC014_KIAConnectSubscriptionStaging.java:443)
	at java.base/java.util.ArrayList.forEach(ArrayList.java:1511)
... Removed 27 stack frames</pre></div><a href='#' onClick='toggleBox("stack-trace1251643846", this, "Click to show all stack frames", "Click to hide stack frames")'>Click to show all stack frames</a>
<div class='stack-trace' id='stack-trace1251643846'><pre>java.lang.RuntimeException: FAILED
	at utils.Reporter.reportStep(Reporter.java:37)
	at utils.Reporter.reportStep(Reporter.java:47)
	at wrappers.GenericWrappers.isElementPresent(GenericWrappers.java:1021)
	at wrappers.GenericWrappers.scrollToElement(GenericWrappers.java:1051)
	at pages.P12_KIAConnectSubscription.verifyUpgradeMonthlySubscriptionPlusToUltimatePackage(P12_KIAConnectSubscription.java:505)
	at pages.P12_KIAConnectSubscription.cancelTheUltimateMonthlySubcription(P12_KIAConnectSubscription.java:1392)
	at testcases.TC014_KIAConnectSubscriptionStaging.cancelTheUltimateMonthlySubcription(TC014_KIAConnectSubscriptionStaging.java:443)
	at java.base/jdk.internal.reflect.NativeMethodAccessorImpl.invoke0(Native Method)
	at java.base/jdk.internal.reflect.NativeMethodAccessorImpl.invoke(NativeMethodAccessorImpl.java:77)
	at java.base/jdk.internal.reflect.DelegatingMethodAccessorImpl.invoke(DelegatingMethodAccessorImpl.java:43)
	at java.base/java.lang.reflect.Method.invoke(Method.java:568)
	at org.testng.internal.invokers.MethodInvocationHelper.invokeMethod(MethodInvocationHelper.java:139)
	at org.testng.internal.invokers.TestInvoker.invokeMethod(TestInvoker.java:664)
	at org.testng.internal.invokers.TestInvoker.invokeTestMethod(TestInvoker.java:227)
	at org.testng.internal.invokers.MethodRunner.runInSequence(MethodRunner.java:50)
	at org.testng.internal.invokers.TestInvoker$MethodInvocationAgent.invoke(TestInvoker.java:957)
	at org.testng.internal.invokers.TestInvoker.invokeTestMethods(TestInvoker.java:200)
	at org.testng.internal.invokers.TestMethodWorker.invokeTestMethods(TestMethodWorker.java:148)
	at org.testng.internal.invokers.TestMethodWorker.run(TestMethodWorker.java:128)
	at java.base/java.util.ArrayList.forEach(ArrayList.java:1511)
	at org.testng.TestRunner.privateRun(TestRunner.java:848)
	at org.testng.TestRunner.run(TestRunner.java:621)
	at org.testng.SuiteRunner.runTest(SuiteRunner.java:443)
	at org.testng.SuiteRunner.runSequentially(SuiteRunner.java:437)
	at org.testng.SuiteRunner.privateRun(SuiteRunner.java:397)
	at org.testng.SuiteRunner.run(SuiteRunner.java:336)
	at org.testng.SuiteRunnerWorker.runSuite(SuiteRunnerWorker.java:52)
	at org.testng.SuiteRunnerWorker.run(SuiteRunnerWorker.java:95)
	at org.testng.TestNG.runSuitesSequentially(TestNG.java:1280)
	at org.testng.TestNG.runSuitesLocally(TestNG.java:1200)
	at org.testng.TestNG.runSuites(TestNG.java:1114)
	at org.testng.TestNG.run(TestNG.java:1082)
	at org.testng.remote.AbstractRemoteTestNG.run(AbstractRemoteTestNG.java:115)
	at org.testng.remote.RemoteTestNG.initAndRun(RemoteTestNG.java:251)
	at org.testng.remote.RemoteTestNG.main(RemoteTestNG.java:77)
</pre></div></td>
<td>78</td>
<td>testcases.TC014_KIAConnectSubscriptionStaging@4f4c4b1a</td></tr>
<tr>
<td title='testcases.TC014_KIAConnectSubscriptionStaging.cancelTheAnnualPlusPackage()'><b>cancelTheAnnualPlusPackage</b><br>Test class: testcases.TC014_KIAConnectSubscriptionStaging<br>Parameters: testdummy900@mailinator.com, Password1, EV6, Subscription</td>
<td><div><pre>java.lang.RuntimeException: FAILED
	at utils.Reporter.reportStep(Reporter.java:37)
	at utils.Reporter.reportStep(Reporter.java:47)
	at wrappers.GenericWrappers.isElementPresent(GenericWrappers.java:1021)
	at wrappers.GenericWrappers.scrollToElement(GenericWrappers.java:1051)
	at pages.P12_KIAConnectSubscription.verifyUpgradeAnnualSubscriptionToPlusPackage(P12_KIAConnectSubscription.java:245)
	at pages.P12_KIAConnectSubscription.cancelTheAnnualPlusPackage(P12_KIAConnectSubscription.java:1414)
	at testcases.TC014_KIAConnectSubscriptionStaging.cancelTheAnnualPlusPackage(TC014_KIAConnectSubscriptionStaging.java:459)
	at java.base/java.util.ArrayList.forEach(ArrayList.java:1511)
... Removed 27 stack frames</pre></div><a href='#' onClick='toggleBox("stack-trace1190031058", this, "Click to show all stack frames", "Click to hide stack frames")'>Click to show all stack frames</a>
<div class='stack-trace' id='stack-trace1190031058'><pre>java.lang.RuntimeException: FAILED
	at utils.Reporter.reportStep(Reporter.java:37)
	at utils.Reporter.reportStep(Reporter.java:47)
	at wrappers.GenericWrappers.isElementPresent(GenericWrappers.java:1021)
	at wrappers.GenericWrappers.scrollToElement(GenericWrappers.java:1051)
	at pages.P12_KIAConnectSubscription.verifyUpgradeAnnualSubscriptionToPlusPackage(P12_KIAConnectSubscription.java:245)
	at pages.P12_KIAConnectSubscription.cancelTheAnnualPlusPackage(P12_KIAConnectSubscription.java:1414)
	at testcases.TC014_KIAConnectSubscriptionStaging.cancelTheAnnualPlusPackage(TC014_KIAConnectSubscriptionStaging.java:459)
	at java.base/jdk.internal.reflect.NativeMethodAccessorImpl.invoke0(Native Method)
	at java.base/jdk.internal.reflect.NativeMethodAccessorImpl.invoke(NativeMethodAccessorImpl.java:77)
	at java.base/jdk.internal.reflect.DelegatingMethodAccessorImpl.invoke(DelegatingMethodAccessorImpl.java:43)
	at java.base/java.lang.reflect.Method.invoke(Method.java:568)
	at org.testng.internal.invokers.MethodInvocationHelper.invokeMethod(MethodInvocationHelper.java:139)
	at org.testng.internal.invokers.TestInvoker.invokeMethod(TestInvoker.java:664)
	at org.testng.internal.invokers.TestInvoker.invokeTestMethod(TestInvoker.java:227)
	at org.testng.internal.invokers.MethodRunner.runInSequence(MethodRunner.java:50)
	at org.testng.internal.invokers.TestInvoker$MethodInvocationAgent.invoke(TestInvoker.java:957)
	at org.testng.internal.invokers.TestInvoker.invokeTestMethods(TestInvoker.java:200)
	at org.testng.internal.invokers.TestMethodWorker.invokeTestMethods(TestMethodWorker.java:148)
	at org.testng.internal.invokers.TestMethodWorker.run(TestMethodWorker.java:128)
	at java.base/java.util.ArrayList.forEach(ArrayList.java:1511)
	at org.testng.TestRunner.privateRun(TestRunner.java:848)
	at org.testng.TestRunner.run(TestRunner.java:621)
	at org.testng.SuiteRunner.runTest(SuiteRunner.java:443)
	at org.testng.SuiteRunner.runSequentially(SuiteRunner.java:437)
	at org.testng.SuiteRunner.privateRun(SuiteRunner.java:397)
	at org.testng.SuiteRunner.run(SuiteRunner.java:336)
	at org.testng.SuiteRunnerWorker.runSuite(SuiteRunnerWorker.java:52)
	at org.testng.SuiteRunnerWorker.run(SuiteRunnerWorker.java:95)
	at org.testng.TestNG.runSuitesSequentially(TestNG.java:1280)
	at org.testng.TestNG.runSuitesLocally(TestNG.java:1200)
	at org.testng.TestNG.runSuites(TestNG.java:1114)
	at org.testng.TestNG.run(TestNG.java:1082)
	at org.testng.remote.AbstractRemoteTestNG.run(AbstractRemoteTestNG.java:115)
	at org.testng.remote.RemoteTestNG.initAndRun(RemoteTestNG.java:251)
	at org.testng.remote.RemoteTestNG.main(RemoteTestNG.java:77)
</pre></div></td>
<td>70</td>
<td>testcases.TC014_KIAConnectSubscriptionStaging@4f4c4b1a</td></tr>
<tr>
<td title='testcases.TC014_KIAConnectSubscriptionStaging.verifyUpgradeMonthlySubscriptionCareToPlusPackage()'><b>verifyUpgradeMonthlySubscriptionCareToPlusPackage</b><br>Test class: testcases.TC014_KIAConnectSubscriptionStaging<br>Parameters: testdummy900@mailinator.com, Password1, EV6, Subscription</td>
<td><div><pre>java.lang.RuntimeException: FAILED
	at utils.Reporter.reportStep(Reporter.java:37)
	at utils.Reporter.reportStep(Reporter.java:47)
	at wrappers.GenericWrappers.isElementPresent(GenericWrappers.java:1021)
	at wrappers.GenericWrappers.scrollToElement(GenericWrappers.java:1051)
	at pages.P12_KIAConnectSubscription.verifyUpgradeMonthlySubscriptionCareToPlusPackage(P12_KIAConnectSubscription.java:457)
	at testcases.TC014_KIAConnectSubscriptionStaging.verifyUpgradeMonthlySubscriptionCareToPlusPackage(TC014_KIAConnectSubscriptionStaging.java:136)
	at java.base/java.util.ArrayList.forEach(ArrayList.java:1511)
... Removed 27 stack frames</pre></div><a href='#' onClick='toggleBox("stack-trace1240436496", this, "Click to show all stack frames", "Click to hide stack frames")'>Click to show all stack frames</a>
<div class='stack-trace' id='stack-trace1240436496'><pre>java.lang.RuntimeException: FAILED
	at utils.Reporter.reportStep(Reporter.java:37)
	at utils.Reporter.reportStep(Reporter.java:47)
	at wrappers.GenericWrappers.isElementPresent(GenericWrappers.java:1021)
	at wrappers.GenericWrappers.scrollToElement(GenericWrappers.java:1051)
	at pages.P12_KIAConnectSubscription.verifyUpgradeMonthlySubscriptionCareToPlusPackage(P12_KIAConnectSubscription.java:457)
	at testcases.TC014_KIAConnectSubscriptionStaging.verifyUpgradeMonthlySubscriptionCareToPlusPackage(TC014_KIAConnectSubscriptionStaging.java:136)
	at java.base/jdk.internal.reflect.NativeMethodAccessorImpl.invoke0(Native Method)
	at java.base/jdk.internal.reflect.NativeMethodAccessorImpl.invoke(NativeMethodAccessorImpl.java:77)
	at java.base/jdk.internal.reflect.DelegatingMethodAccessorImpl.invoke(DelegatingMethodAccessorImpl.java:43)
	at java.base/java.lang.reflect.Method.invoke(Method.java:568)
	at org.testng.internal.invokers.MethodInvocationHelper.invokeMethod(MethodInvocationHelper.java:139)
	at org.testng.internal.invokers.TestInvoker.invokeMethod(TestInvoker.java:664)
	at org.testng.internal.invokers.TestInvoker.invokeTestMethod(TestInvoker.java:227)
	at org.testng.internal.invokers.MethodRunner.runInSequence(MethodRunner.java:50)
	at org.testng.internal.invokers.TestInvoker$MethodInvocationAgent.invoke(TestInvoker.java:957)
	at org.testng.internal.invokers.TestInvoker.invokeTestMethods(TestInvoker.java:200)
	at org.testng.internal.invokers.TestMethodWorker.invokeTestMethods(TestMethodWorker.java:148)
	at org.testng.internal.invokers.TestMethodWorker.run(TestMethodWorker.java:128)
	at java.base/java.util.ArrayList.forEach(ArrayList.java:1511)
	at org.testng.TestRunner.privateRun(TestRunner.java:848)
	at org.testng.TestRunner.run(TestRunner.java:621)
	at org.testng.SuiteRunner.runTest(SuiteRunner.java:443)
	at org.testng.SuiteRunner.runSequentially(SuiteRunner.java:437)
	at org.testng.SuiteRunner.privateRun(SuiteRunner.java:397)
	at org.testng.SuiteRunner.run(SuiteRunner.java:336)
	at org.testng.SuiteRunnerWorker.runSuite(SuiteRunnerWorker.java:52)
	at org.testng.SuiteRunnerWorker.run(SuiteRunnerWorker.java:95)
	at org.testng.TestNG.runSuitesSequentially(TestNG.java:1280)
	at org.testng.TestNG.runSuitesLocally(TestNG.java:1200)
	at org.testng.TestNG.runSuites(TestNG.java:1114)
	at org.testng.TestNG.run(TestNG.java:1082)
	at org.testng.remote.AbstractRemoteTestNG.run(AbstractRemoteTestNG.java:115)
	at org.testng.remote.RemoteTestNG.initAndRun(RemoteTestNG.java:251)
	at org.testng.remote.RemoteTestNG.main(RemoteTestNG.java:77)
</pre></div></td>
<td>69</td>
<td>testcases.TC014_KIAConnectSubscriptionStaging@4f4c4b1a</td></tr>
</table><p>
<table width='100%' border='1' class='invocation-passed'>
<tr><td colspan='4' align='center'><b>PASSED TESTS</b></td></tr>
<tr><td><b>Test method</b></td>
<td><b>Attribute(s)</b></td>
<td width="30%"><b>Exception</b></td>
<td width="10%"><b>Time (seconds)</b></td>
<td><b>Instance</b></td>
</tr>
<tr>
<td title='testcases.TC014_KIAConnectSubscriptionStaging.cancelTheMonthlySubcriptionFromCareToLite()'><b>cancelTheMonthlySubcriptionFromCareToLite</b><br>Test class: testcases.TC014_KIAConnectSubscriptionStaging<br>Parameters: testdummy900@mailinator.com, Password1, EV6, Subscription</td>
<td></td>
<td>151</td>
<td>testcases.TC014_KIAConnectSubscriptionStaging@4f4c4b1a</td></tr>
<tr>
<td title='testcases.TC014_KIAConnectSubscriptionStaging.verifyUpgradeMonthlySubscriptionLiteToPlusPackage()'><b>verifyUpgradeMonthlySubscriptionLiteToPlusPackage</b><br>Test class: testcases.TC014_KIAConnectSubscriptionStaging<br>Parameters: testdummy900@mailinator.com, Password1, EV6, Subscription</td>
<td></td>
<td>145</td>
<td>testcases.TC014_KIAConnectSubscriptionStaging@4f4c4b1a</td></tr>
<tr>
<td title='testcases.TC014_KIAConnectSubscriptionStaging.cancelThePackageForAnnualSubcription()'><b>cancelThePackageForAnnualSubcription</b><br>Test class: testcases.TC014_KIAConnectSubscriptionStaging<br>Parameters: testdummy900@mailinator.com, Password1, EV6, Subscription</td>
<td></td>
<td>133</td>
<td>testcases.TC014_KIAConnectSubscriptionStaging@4f4c4b1a</td></tr>
<tr>
<td title='testcases.TC014_KIAConnectSubscriptionStaging.verifyUpgradeAnnualSubscriptionToPlusPackage()'><b>verifyUpgradeAnnualSubscriptionToPlusPackage</b><br>Test class: testcases.TC014_KIAConnectSubscriptionStaging<br>Parameters: testdummy900@mailinator.com, Password1, EV6, Subscription</td>
<td></td>
<td>140</td>
<td>testcases.TC014_KIAConnectSubscriptionStaging@4f4c4b1a</td></tr>
<tr>
<td title='testcases.TC014_KIAConnectSubscriptionStaging.verifyUpgradeMonthlySubscriptionUltimateToCareAnnualPackage()'><b>verifyUpgradeMonthlySubscriptionUltimateToCareAnnualPackage</b><br>Test class: testcases.TC014_KIAConnectSubscriptionStaging<br>Parameters: testdummy900@mailinator.com, Password1, EV6, Subscription</td>
<td></td>
<td>139</td>
<td>testcases.TC014_KIAConnectSubscriptionStaging@4f4c4b1a</td></tr>
</table><p>
</body>
</html>